2022-12-22 10:55:57,302:INFO:PyCaret Supervised Module
2022-12-22 10:55:57,303:INFO:ML Usecase: regression
2022-12-22 10:55:57,303:INFO:version 2.3.10
2022-12-22 10:55:57,303:INFO:Initializing setup()
2022-12-22 10:55:57,303:INFO:setup(target=0        75.7
1        50.5
2        40.5
3        47.2
4        49.5
         ... 
31099    51.8
31100    37.2
31101    64.6
31102    50.7
31103    37.6
Name: tm, Length: 31104, dtype: float64, ml_usecase=regression, available_plots={'parameter': 'Hyperparameters', 'residuals': 'Residuals', 'error': 'Prediction Error', 'cooks': 'Cooks Distance', 'rfe': 'Feature Selection', 'learning': 'Learning Curve', 'manifold': 'Manifold Learning', 'vc': 'Validation Curve', 'feature': 'Feature Importance', 'feature_all': 'Feature Importance (All)', 'tree': 'Decision Tree'}, train_size=0.7, test_data=None, preprocess=True, imputation_type=simple, iterative_imputation_iters=5, categorical_features=None, categorical_imputation=constant, categorical_iterative_imputer=lightgbm, ordinal_features=None, high_cardinality_features=None, high_cardinality_method=frequency, numeric_features=None, numeric_imputation=mean, numeric_iterative_imputer=lightgbm, date_features=None, ignore_features=None, normalize=False, normalize_method=zscore, transformation=False, transformation_method=yeo-johnson, handle_unknown_categorical=True, unknown_categorical_method=least_frequent, pca=False, pca_method=linear, pca_components=None, ignore_low_variance=False, combine_rare_levels=False, rare_level_threshold=0.1, bin_numeric_features=None, remove_outliers=False, outliers_threshold=0.05, remove_multicollinearity=False, multicollinearity_threshold=0.9, remove_perfect_collinearity=True, create_clusters=False, cluster_iter=20, polynomial_features=False, polynomial_degree=2, trigonometry_features=False, polynomial_threshold=0.1, group_features=None, group_names=None, feature_selection=False, feature_selection_threshold=0.8, feature_selection_method=classic, feature_interaction=False, feature_ratio=False, interaction_threshold=0.01, fix_imbalance=False, fix_imbalance_method=None, transform_target=False, transform_target_method=box-cox, data_split_shuffle=True, data_split_stratify=False, fold_strategy=kfold, fold=10, fold_shuffle=False, fold_groups=None, n_jobs=-1, use_gpu=False, custom_pipeline=None, html=True, session_id=None, log_experiment=False, experiment_name=None, log_plots=False, log_profile=False, log_data=False, silent=False, verbose=True, profile=False, profile_kwargs=None, display=None)
2022-12-22 10:55:57,303:INFO:Checking environment
2022-12-22 10:55:57,303:INFO:python_version: 3.10.6
2022-12-22 10:55:57,303:INFO:python_build: ('main', 'Aug 22 2022 20:38:29')
2022-12-22 10:55:57,303:INFO:machine: arm64
2022-12-22 10:55:57,303:INFO:platform: macOS-13.0.1-arm64-arm-64bit
2022-12-22 10:55:57,304:INFO:Memory: svmem(total=17179869184, available=3287547904, percent=80.9, used=6707183616, free=57376768, active=3247849472, inactive=3211771904, wired=3459334144)
2022-12-22 10:55:57,304:INFO:Physical Core: 10
2022-12-22 10:55:57,304:INFO:Logical Core: 10
2022-12-22 10:55:57,304:INFO:Checking libraries
2022-12-22 10:55:57,304:INFO:pd==1.5.2
2022-12-22 10:55:57,304:INFO:numpy==1.23.5
2022-12-22 10:55:57,304:INFO:sklearn==1.2.0
2022-12-22 10:55:57,304:INFO:xgboost==1.7.2
2022-12-22 10:55:57,304:INFO:lightgbm==3.2.1
2022-12-22 10:55:58,455:INFO:catboost==1.0.6
2022-12-22 10:55:59,795:WARNING:mlflow not found
2022-12-22 10:55:59,796:INFO:Checking Exceptions
2022-12-22 10:56:16,573:INFO:PyCaret Supervised Module
2022-12-22 10:56:16,574:INFO:ML Usecase: regression
2022-12-22 10:56:16,574:INFO:version 2.3.10
2022-12-22 10:56:16,574:INFO:Initializing setup()
2022-12-22 10:56:16,574:INFO:setup(target=         tm
0      75.7
1      50.5
2      40.5
3      47.2
4      49.5
...     ...
31099  51.8
31100  37.2
31101  64.6
31102  50.7
31103  37.6

[31104 rows x 1 columns], ml_usecase=regression, available_plots={'parameter': 'Hyperparameters', 'residuals': 'Residuals', 'error': 'Prediction Error', 'cooks': 'Cooks Distance', 'rfe': 'Feature Selection', 'learning': 'Learning Curve', 'manifold': 'Manifold Learning', 'vc': 'Validation Curve', 'feature': 'Feature Importance', 'feature_all': 'Feature Importance (All)', 'tree': 'Decision Tree'}, train_size=0.7, test_data=None, preprocess=True, imputation_type=simple, iterative_imputation_iters=5, categorical_features=None, categorical_imputation=constant, categorical_iterative_imputer=lightgbm, ordinal_features=None, high_cardinality_features=None, high_cardinality_method=frequency, numeric_features=None, numeric_imputation=mean, numeric_iterative_imputer=lightgbm, date_features=None, ignore_features=None, normalize=False, normalize_method=zscore, transformation=False, transformation_method=yeo-johnson, handle_unknown_categorical=True, unknown_categorical_method=least_frequent, pca=False, pca_method=linear, pca_components=None, ignore_low_variance=False, combine_rare_levels=False, rare_level_threshold=0.1, bin_numeric_features=None, remove_outliers=False, outliers_threshold=0.05, remove_multicollinearity=False, multicollinearity_threshold=0.9, remove_perfect_collinearity=True, create_clusters=False, cluster_iter=20, polynomial_features=False, polynomial_degree=2, trigonometry_features=False, polynomial_threshold=0.1, group_features=None, group_names=None, feature_selection=False, feature_selection_threshold=0.8, feature_selection_method=classic, feature_interaction=False, feature_ratio=False, interaction_threshold=0.01, fix_imbalance=False, fix_imbalance_method=None, transform_target=False, transform_target_method=box-cox, data_split_shuffle=True, data_split_stratify=False, fold_strategy=kfold, fold=10, fold_shuffle=False, fold_groups=None, n_jobs=-1, use_gpu=False, custom_pipeline=None, html=True, session_id=None, log_experiment=False, experiment_name=None, log_plots=False, log_profile=False, log_data=False, silent=False, verbose=True, profile=False, profile_kwargs=None, display=None)
2022-12-22 10:56:16,574:INFO:Checking environment
2022-12-22 10:56:16,574:INFO:python_version: 3.10.6
2022-12-22 10:56:16,574:INFO:python_build: ('main', 'Aug 22 2022 20:38:29')
2022-12-22 10:56:16,574:INFO:machine: arm64
2022-12-22 10:56:16,574:INFO:platform: macOS-13.0.1-arm64-arm-64bit
2022-12-22 10:56:16,574:INFO:Memory: svmem(total=17179869184, available=3699130368, percent=78.5, used=6891945984, free=145326080, active=3568599040, inactive=3505422336, wired=3323346944)
2022-12-22 10:56:16,574:INFO:Physical Core: 10
2022-12-22 10:56:16,574:INFO:Logical Core: 10
2022-12-22 10:56:16,574:INFO:Checking libraries
2022-12-22 10:56:16,574:INFO:pd==1.5.2
2022-12-22 10:56:16,574:INFO:numpy==1.23.5
2022-12-22 10:56:16,574:INFO:sklearn==1.2.0
2022-12-22 10:56:16,574:INFO:xgboost==1.7.2
2022-12-22 10:56:16,574:INFO:lightgbm==3.2.1
2022-12-22 10:56:16,574:INFO:catboost==1.0.6
2022-12-22 10:56:16,574:INFO:mlflow==1.30.0
2022-12-22 10:56:16,574:INFO:Checking Exceptions
2022-12-22 10:57:20,291:INFO:PyCaret Supervised Module
2022-12-22 10:57:20,291:INFO:ML Usecase: regression
2022-12-22 10:57:20,291:INFO:version 2.3.10
2022-12-22 10:57:20,292:INFO:Initializing setup()
2022-12-22 10:57:20,292:INFO:setup(target=0        43.9
1        42.8
2        66.8
3        25.0
4        51.7
         ... 
24878    25.0
24879    47.1
24880    25.0
24881    38.3
24882    46.6
Name: tm, Length: 24883, dtype: float64, ml_usecase=regression, available_plots={'parameter': 'Hyperparameters', 'residuals': 'Residuals', 'error': 'Prediction Error', 'cooks': 'Cooks Distance', 'rfe': 'Feature Selection', 'learning': 'Learning Curve', 'manifold': 'Manifold Learning', 'vc': 'Validation Curve', 'feature': 'Feature Importance', 'feature_all': 'Feature Importance (All)', 'tree': 'Decision Tree'}, train_size=0.7, test_data=None, preprocess=True, imputation_type=simple, iterative_imputation_iters=5, categorical_features=None, categorical_imputation=constant, categorical_iterative_imputer=lightgbm, ordinal_features=None, high_cardinality_features=None, high_cardinality_method=frequency, numeric_features=None, numeric_imputation=mean, numeric_iterative_imputer=lightgbm, date_features=None, ignore_features=None, normalize=False, normalize_method=zscore, transformation=False, transformation_method=yeo-johnson, handle_unknown_categorical=True, unknown_categorical_method=least_frequent, pca=False, pca_method=linear, pca_components=None, ignore_low_variance=False, combine_rare_levels=False, rare_level_threshold=0.1, bin_numeric_features=None, remove_outliers=False, outliers_threshold=0.05, remove_multicollinearity=False, multicollinearity_threshold=0.9, remove_perfect_collinearity=True, create_clusters=False, cluster_iter=20, polynomial_features=False, polynomial_degree=2, trigonometry_features=False, polynomial_threshold=0.1, group_features=None, group_names=None, feature_selection=False, feature_selection_threshold=0.8, feature_selection_method=classic, feature_interaction=False, feature_ratio=False, interaction_threshold=0.01, fix_imbalance=False, fix_imbalance_method=None, transform_target=False, transform_target_method=box-cox, data_split_shuffle=True, data_split_stratify=False, fold_strategy=kfold, fold=10, fold_shuffle=False, fold_groups=None, n_jobs=-1, use_gpu=False, custom_pipeline=None, html=True, session_id=None, log_experiment=False, experiment_name=None, log_plots=False, log_profile=False, log_data=False, silent=False, verbose=True, profile=False, profile_kwargs=None, display=None)
2022-12-22 10:57:20,292:INFO:Checking environment
2022-12-22 10:57:20,292:INFO:python_version: 3.10.6
2022-12-22 10:57:20,292:INFO:python_build: ('main', 'Aug 22 2022 20:38:29')
2022-12-22 10:57:20,292:INFO:machine: arm64
2022-12-22 10:57:20,292:INFO:platform: macOS-13.0.1-arm64-arm-64bit
2022-12-22 10:57:20,292:INFO:Memory: svmem(total=17179869184, available=3571548160, percent=79.2, used=6869221376, free=67469312, active=3511697408, inactive=3469656064, wired=3357523968)
2022-12-22 10:57:20,292:INFO:Physical Core: 10
2022-12-22 10:57:20,292:INFO:Logical Core: 10
2022-12-22 10:57:20,292:INFO:Checking libraries
2022-12-22 10:57:20,292:INFO:pd==1.5.2
2022-12-22 10:57:20,292:INFO:numpy==1.23.5
2022-12-22 10:57:20,292:INFO:sklearn==1.2.0
2022-12-22 10:57:20,292:INFO:xgboost==1.7.2
2022-12-22 10:57:20,292:INFO:lightgbm==3.2.1
2022-12-22 10:57:20,292:INFO:catboost==1.0.6
2022-12-22 10:57:20,292:INFO:mlflow==1.30.0
2022-12-22 10:57:20,292:INFO:Checking Exceptions
2022-12-22 10:59:47,235:INFO:PyCaret Supervised Module
2022-12-22 10:59:47,236:INFO:ML Usecase: regression
2022-12-22 10:59:47,236:INFO:version 2.3.10
2022-12-22 10:59:47,236:INFO:Initializing setup()
2022-12-22 10:59:47,236:INFO:setup(target=0        75.7
1        50.5
2        40.5
3        47.2
4        49.5
         ... 
31099    51.8
31100    37.2
31101    64.6
31102    50.7
31103    37.6
Name: tm, Length: 31104, dtype: float64, ml_usecase=regression, available_plots={'parameter': 'Hyperparameters', 'residuals': 'Residuals', 'error': 'Prediction Error', 'cooks': 'Cooks Distance', 'rfe': 'Feature Selection', 'learning': 'Learning Curve', 'manifold': 'Manifold Learning', 'vc': 'Validation Curve', 'feature': 'Feature Importance', 'feature_all': 'Feature Importance (All)', 'tree': 'Decision Tree'}, train_size=0.7, test_data=None, preprocess=True, imputation_type=simple, iterative_imputation_iters=5, categorical_features=None, categorical_imputation=constant, categorical_iterative_imputer=lightgbm, ordinal_features=None, high_cardinality_features=None, high_cardinality_method=frequency, numeric_features=None, numeric_imputation=mean, numeric_iterative_imputer=lightgbm, date_features=None, ignore_features=None, normalize=False, normalize_method=zscore, transformation=False, transformation_method=yeo-johnson, handle_unknown_categorical=True, unknown_categorical_method=least_frequent, pca=False, pca_method=linear, pca_components=None, ignore_low_variance=False, combine_rare_levels=False, rare_level_threshold=0.1, bin_numeric_features=None, remove_outliers=False, outliers_threshold=0.05, remove_multicollinearity=False, multicollinearity_threshold=0.9, remove_perfect_collinearity=True, create_clusters=False, cluster_iter=20, polynomial_features=False, polynomial_degree=2, trigonometry_features=False, polynomial_threshold=0.1, group_features=None, group_names=None, feature_selection=False, feature_selection_threshold=0.8, feature_selection_method=classic, feature_interaction=False, feature_ratio=False, interaction_threshold=0.01, fix_imbalance=False, fix_imbalance_method=None, transform_target=False, transform_target_method=box-cox, data_split_shuffle=True, data_split_stratify=False, fold_strategy=kfold, fold=10, fold_shuffle=False, fold_groups=None, n_jobs=-1, use_gpu=False, custom_pipeline=None, html=True, session_id=None, log_experiment=False, experiment_name=None, log_plots=False, log_profile=False, log_data=False, silent=False, verbose=True, profile=False, profile_kwargs=None, display=None)
2022-12-22 10:59:47,236:INFO:Checking environment
2022-12-22 10:59:47,237:INFO:python_version: 3.10.6
2022-12-22 10:59:47,237:INFO:python_build: ('main', 'Aug 22 2022 20:38:29')
2022-12-22 10:59:47,237:INFO:machine: arm64
2022-12-22 10:59:47,237:INFO:platform: macOS-13.0.1-arm64-arm-64bit
2022-12-22 10:59:47,237:INFO:Memory: svmem(total=17179869184, available=3559538688, percent=79.3, used=7044546560, free=46530560, active=3530833920, inactive=3492478976, wired=3513712640)
2022-12-22 10:59:47,237:INFO:Physical Core: 10
2022-12-22 10:59:47,237:INFO:Logical Core: 10
2022-12-22 10:59:47,237:INFO:Checking libraries
2022-12-22 10:59:47,237:INFO:pd==1.5.2
2022-12-22 10:59:47,237:INFO:numpy==1.23.5
2022-12-22 10:59:47,237:INFO:sklearn==1.2.0
2022-12-22 10:59:47,237:INFO:xgboost==1.7.2
2022-12-22 10:59:47,237:INFO:lightgbm==3.2.1
2022-12-22 10:59:47,237:INFO:catboost==1.0.6
2022-12-22 10:59:47,237:INFO:mlflow==1.30.0
2022-12-22 10:59:47,237:INFO:Checking Exceptions
2022-12-22 11:06:34,057:INFO:PyCaret Supervised Module
2022-12-22 11:06:34,059:INFO:ML Usecase: regression
2022-12-22 11:06:34,059:INFO:version 2.3.10
2022-12-22 11:06:34,059:INFO:Initializing setup()
2022-12-22 11:06:34,059:INFO:setup(target=0        75.7
1        50.5
2        40.5
3        47.2
4        49.5
         ... 
31099    51.8
31100    37.2
31101    64.6
31102    50.7
31103    37.6
Name: tm, Length: 31104, dtype: float64, ml_usecase=regression, available_plots={'parameter': 'Hyperparameters', 'residuals': 'Residuals', 'error': 'Prediction Error', 'cooks': 'Cooks Distance', 'rfe': 'Feature Selection', 'learning': 'Learning Curve', 'manifold': 'Manifold Learning', 'vc': 'Validation Curve', 'feature': 'Feature Importance', 'feature_all': 'Feature Importance (All)', 'tree': 'Decision Tree'}, train_size=0.7, test_data=None, preprocess=True, imputation_type=simple, iterative_imputation_iters=5, categorical_features=None, categorical_imputation=constant, categorical_iterative_imputer=lightgbm, ordinal_features=None, high_cardinality_features=None, high_cardinality_method=frequency, numeric_features=None, numeric_imputation=mean, numeric_iterative_imputer=lightgbm, date_features=None, ignore_features=None, normalize=False, normalize_method=zscore, transformation=False, transformation_method=yeo-johnson, handle_unknown_categorical=True, unknown_categorical_method=least_frequent, pca=False, pca_method=linear, pca_components=None, ignore_low_variance=False, combine_rare_levels=False, rare_level_threshold=0.1, bin_numeric_features=None, remove_outliers=False, outliers_threshold=0.05, remove_multicollinearity=False, multicollinearity_threshold=0.9, remove_perfect_collinearity=True, create_clusters=False, cluster_iter=20, polynomial_features=False, polynomial_degree=2, trigonometry_features=False, polynomial_threshold=0.1, group_features=None, group_names=None, feature_selection=False, feature_selection_threshold=0.8, feature_selection_method=classic, feature_interaction=False, feature_ratio=False, interaction_threshold=0.01, fix_imbalance=False, fix_imbalance_method=None, transform_target=False, transform_target_method=box-cox, data_split_shuffle=True, data_split_stratify=False, fold_strategy=kfold, fold=10, fold_shuffle=False, fold_groups=None, n_jobs=-1, use_gpu=False, custom_pipeline=None, html=True, session_id=None, log_experiment=False, experiment_name=None, log_plots=False, log_profile=False, log_data=False, silent=False, verbose=True, profile=False, profile_kwargs=None, display=None)
2022-12-22 11:06:34,059:INFO:Checking environment
2022-12-22 11:06:34,059:INFO:python_version: 3.10.6
2022-12-22 11:06:34,059:INFO:python_build: ('main', 'Aug 22 2022 20:38:29')
2022-12-22 11:06:34,059:INFO:machine: arm64
2022-12-22 11:06:34,059:INFO:platform: macOS-13.0.1-arm64-arm-64bit
2022-12-22 11:06:34,059:INFO:Memory: svmem(total=17179869184, available=3728998400, percent=78.3, used=7098122240, free=63537152, active=3676372992, inactive=3654172672, wired=3421749248)
2022-12-22 11:06:34,059:INFO:Physical Core: 10
2022-12-22 11:06:34,059:INFO:Logical Core: 10
2022-12-22 11:06:34,059:INFO:Checking libraries
2022-12-22 11:06:34,059:INFO:pd==1.5.2
2022-12-22 11:06:34,059:INFO:numpy==1.23.5
2022-12-22 11:06:34,059:INFO:sklearn==1.2.0
2022-12-22 11:06:34,059:INFO:xgboost==1.7.2
2022-12-22 11:06:34,059:INFO:lightgbm==3.2.1
2022-12-22 11:06:34,059:INFO:catboost==1.0.6
2022-12-22 11:06:34,059:INFO:mlflow==1.30.0
2022-12-22 11:06:34,059:INFO:Checking Exceptions
2022-12-22 11:06:54,415:INFO:PyCaret Supervised Module
2022-12-22 11:06:54,415:INFO:ML Usecase: regression
2022-12-22 11:06:54,415:INFO:version 2.3.10
2022-12-22 11:06:54,415:INFO:Initializing setup()
2022-12-22 11:06:54,415:INFO:setup(target=[0        75.7
1        50.5
2        40.5
3        47.2
4        49.5
         ... 
31099    51.8
31100    37.2
31101    64.6
31102    50.7
31103    37.6
Name: tm, Length: 31104, dtype: float64], ml_usecase=regression, available_plots={'parameter': 'Hyperparameters', 'residuals': 'Residuals', 'error': 'Prediction Error', 'cooks': 'Cooks Distance', 'rfe': 'Feature Selection', 'learning': 'Learning Curve', 'manifold': 'Manifold Learning', 'vc': 'Validation Curve', 'feature': 'Feature Importance', 'feature_all': 'Feature Importance (All)', 'tree': 'Decision Tree'}, train_size=0.7, test_data=None, preprocess=True, imputation_type=simple, iterative_imputation_iters=5, categorical_features=None, categorical_imputation=constant, categorical_iterative_imputer=lightgbm, ordinal_features=None, high_cardinality_features=None, high_cardinality_method=frequency, numeric_features=None, numeric_imputation=mean, numeric_iterative_imputer=lightgbm, date_features=None, ignore_features=None, normalize=False, normalize_method=zscore, transformation=False, transformation_method=yeo-johnson, handle_unknown_categorical=True, unknown_categorical_method=least_frequent, pca=False, pca_method=linear, pca_components=None, ignore_low_variance=False, combine_rare_levels=False, rare_level_threshold=0.1, bin_numeric_features=None, remove_outliers=False, outliers_threshold=0.05, remove_multicollinearity=False, multicollinearity_threshold=0.9, remove_perfect_collinearity=True, create_clusters=False, cluster_iter=20, polynomial_features=False, polynomial_degree=2, trigonometry_features=False, polynomial_threshold=0.1, group_features=None, group_names=None, feature_selection=False, feature_selection_threshold=0.8, feature_selection_method=classic, feature_interaction=False, feature_ratio=False, interaction_threshold=0.01, fix_imbalance=False, fix_imbalance_method=None, transform_target=False, transform_target_method=box-cox, data_split_shuffle=True, data_split_stratify=False, fold_strategy=kfold, fold=10, fold_shuffle=False, fold_groups=None, n_jobs=-1, use_gpu=False, custom_pipeline=None, html=True, session_id=None, log_experiment=False, experiment_name=None, log_plots=False, log_profile=False, log_data=False, silent=False, verbose=True, profile=False, profile_kwargs=None, display=None)
2022-12-22 11:06:54,415:INFO:Checking environment
2022-12-22 11:06:54,415:INFO:python_version: 3.10.6
2022-12-22 11:06:54,415:INFO:python_build: ('main', 'Aug 22 2022 20:38:29')
2022-12-22 11:06:54,415:INFO:machine: arm64
2022-12-22 11:06:54,415:INFO:platform: macOS-13.0.1-arm64-arm-64bit
2022-12-22 11:06:54,416:INFO:Memory: svmem(total=17179869184, available=3704537088, percent=78.4, used=7063797760, free=50528256, active=3657416704, inactive=3644817408, wired=3406381056)
2022-12-22 11:06:54,416:INFO:Physical Core: 10
2022-12-22 11:06:54,416:INFO:Logical Core: 10
2022-12-22 11:06:54,416:INFO:Checking libraries
2022-12-22 11:06:54,416:INFO:pd==1.5.2
2022-12-22 11:06:54,416:INFO:numpy==1.23.5
2022-12-22 11:06:54,416:INFO:sklearn==1.2.0
2022-12-22 11:06:54,416:INFO:xgboost==1.7.2
2022-12-22 11:06:54,416:INFO:lightgbm==3.2.1
2022-12-22 11:06:54,416:INFO:catboost==1.0.6
2022-12-22 11:06:54,416:INFO:mlflow==1.30.0
2022-12-22 11:06:54,416:INFO:Checking Exceptions
2022-12-22 11:09:35,391:INFO:PyCaret Supervised Module
2022-12-22 11:09:35,392:INFO:ML Usecase: regression
2022-12-22 11:09:35,392:INFO:version 2.3.10
2022-12-22 11:09:35,392:INFO:Initializing setup()
2022-12-22 11:09:35,393:INFO:setup(target=0        75.7
1        50.5
2        40.5
3        47.2
4        49.5
         ... 
31099    51.8
31100    37.2
31101    64.6
31102    50.7
31103    37.6
Name: tm, Length: 31104, dtype: float64, ml_usecase=regression, available_plots={'parameter': 'Hyperparameters', 'residuals': 'Residuals', 'error': 'Prediction Error', 'cooks': 'Cooks Distance', 'rfe': 'Feature Selection', 'learning': 'Learning Curve', 'manifold': 'Manifold Learning', 'vc': 'Validation Curve', 'feature': 'Feature Importance', 'feature_all': 'Feature Importance (All)', 'tree': 'Decision Tree'}, train_size=0.7, test_data=None, preprocess=True, imputation_type=simple, iterative_imputation_iters=5, categorical_features=None, categorical_imputation=constant, categorical_iterative_imputer=lightgbm, ordinal_features=None, high_cardinality_features=None, high_cardinality_method=frequency, numeric_features=None, numeric_imputation=mean, numeric_iterative_imputer=lightgbm, date_features=None, ignore_features=None, normalize=False, normalize_method=zscore, transformation=False, transformation_method=yeo-johnson, handle_unknown_categorical=True, unknown_categorical_method=least_frequent, pca=False, pca_method=linear, pca_components=None, ignore_low_variance=False, combine_rare_levels=False, rare_level_threshold=0.1, bin_numeric_features=None, remove_outliers=False, outliers_threshold=0.05, remove_multicollinearity=False, multicollinearity_threshold=0.9, remove_perfect_collinearity=True, create_clusters=False, cluster_iter=20, polynomial_features=False, polynomial_degree=2, trigonometry_features=False, polynomial_threshold=0.1, group_features=None, group_names=None, feature_selection=False, feature_selection_threshold=0.8, feature_selection_method=classic, feature_interaction=False, feature_ratio=False, interaction_threshold=0.01, fix_imbalance=False, fix_imbalance_method=None, transform_target=False, transform_target_method=box-cox, data_split_shuffle=True, data_split_stratify=False, fold_strategy=kfold, fold=10, fold_shuffle=False, fold_groups=None, n_jobs=-1, use_gpu=False, custom_pipeline=None, html=True, session_id=None, log_experiment=False, experiment_name=None, log_plots=False, log_profile=False, log_data=False, silent=False, verbose=True, profile=False, profile_kwargs=None, display=None)
2022-12-22 11:09:35,393:INFO:Checking environment
2022-12-22 11:09:35,393:INFO:python_version: 3.10.6
2022-12-22 11:09:35,393:INFO:python_build: ('main', 'Aug 22 2022 20:38:29')
2022-12-22 11:09:35,393:INFO:machine: arm64
2022-12-22 11:09:35,393:INFO:platform: macOS-13.0.1-arm64-arm-64bit
2022-12-22 11:09:35,393:INFO:Memory: svmem(total=17179869184, available=3408920576, percent=80.2, used=6940213248, free=29048832, active=3392733184, inactive=3371466752, wired=3547480064)
2022-12-22 11:09:35,393:INFO:Physical Core: 10
2022-12-22 11:09:35,393:INFO:Logical Core: 10
2022-12-22 11:09:35,393:INFO:Checking libraries
2022-12-22 11:09:35,393:INFO:pd==1.5.2
2022-12-22 11:09:35,393:INFO:numpy==1.23.5
2022-12-22 11:09:35,393:INFO:sklearn==1.2.0
2022-12-22 11:09:35,393:INFO:xgboost==1.7.2
2022-12-22 11:09:35,393:INFO:lightgbm==3.2.1
2022-12-22 11:09:35,393:INFO:catboost==1.0.6
2022-12-22 11:09:35,393:INFO:mlflow==1.30.0
2022-12-22 11:09:35,393:INFO:Checking Exceptions
2022-12-22 11:10:12,870:INFO:PyCaret Supervised Module
2022-12-22 11:10:12,871:INFO:ML Usecase: regression
2022-12-22 11:10:12,871:INFO:version 2.3.10
2022-12-22 11:10:12,871:INFO:Initializing setup()
2022-12-22 11:10:12,871:INFO:setup(target=0        75.7
1        50.5
2        40.5
3        47.2
4        49.5
         ... 
31099    51.8
31100    37.2
31101    64.6
31102    50.7
31103    37.6
Name: tm, Length: 31104, dtype: float64, ml_usecase=regression, available_plots={'parameter': 'Hyperparameters', 'residuals': 'Residuals', 'error': 'Prediction Error', 'cooks': 'Cooks Distance', 'rfe': 'Feature Selection', 'learning': 'Learning Curve', 'manifold': 'Manifold Learning', 'vc': 'Validation Curve', 'feature': 'Feature Importance', 'feature_all': 'Feature Importance (All)', 'tree': 'Decision Tree'}, train_size=0.7, test_data=None, preprocess=True, imputation_type=simple, iterative_imputation_iters=5, categorical_features=None, categorical_imputation=constant, categorical_iterative_imputer=lightgbm, ordinal_features=None, high_cardinality_features=None, high_cardinality_method=frequency, numeric_features=None, numeric_imputation=mean, numeric_iterative_imputer=lightgbm, date_features=None, ignore_features=None, normalize=False, normalize_method=zscore, transformation=False, transformation_method=yeo-johnson, handle_unknown_categorical=True, unknown_categorical_method=least_frequent, pca=False, pca_method=linear, pca_components=None, ignore_low_variance=False, combine_rare_levels=False, rare_level_threshold=0.1, bin_numeric_features=None, remove_outliers=False, outliers_threshold=0.05, remove_multicollinearity=False, multicollinearity_threshold=0.9, remove_perfect_collinearity=True, create_clusters=False, cluster_iter=20, polynomial_features=False, polynomial_degree=2, trigonometry_features=False, polynomial_threshold=0.1, group_features=None, group_names=None, feature_selection=False, feature_selection_threshold=0.8, feature_selection_method=classic, feature_interaction=False, feature_ratio=False, interaction_threshold=0.01, fix_imbalance=False, fix_imbalance_method=None, transform_target=False, transform_target_method=box-cox, data_split_shuffle=True, data_split_stratify=False, fold_strategy=kfold, fold=10, fold_shuffle=False, fold_groups=None, n_jobs=-1, use_gpu=False, custom_pipeline=None, html=True, session_id=None, log_experiment=False, experiment_name=None, log_plots=False, log_profile=False, log_data=False, silent=False, verbose=True, profile=False, profile_kwargs=None, display=None)
2022-12-22 11:10:12,871:INFO:Checking environment
2022-12-22 11:10:12,871:INFO:python_version: 3.10.6
2022-12-22 11:10:12,871:INFO:python_build: ('main', 'Aug 22 2022 20:38:29')
2022-12-22 11:10:12,871:INFO:machine: arm64
2022-12-22 11:10:12,871:INFO:platform: macOS-13.0.1-arm64-arm-64bit
2022-12-22 11:10:12,872:INFO:Memory: svmem(total=17179869184, available=3508240384, percent=79.6, used=6932758528, free=57180160, active=3465560064, inactive=3444604928, wired=3467198464)
2022-12-22 11:10:12,872:INFO:Physical Core: 10
2022-12-22 11:10:12,872:INFO:Logical Core: 10
2022-12-22 11:10:12,872:INFO:Checking libraries
2022-12-22 11:10:12,872:INFO:pd==1.5.2
2022-12-22 11:10:12,872:INFO:numpy==1.23.5
2022-12-22 11:10:12,872:INFO:sklearn==1.2.0
2022-12-22 11:10:12,872:INFO:xgboost==1.7.2
2022-12-22 11:10:12,872:INFO:lightgbm==3.2.1
2022-12-22 11:10:12,872:INFO:catboost==1.0.6
2022-12-22 11:10:12,872:INFO:mlflow==1.30.0
2022-12-22 11:10:12,872:INFO:Checking Exceptions
2022-12-22 11:12:47,998:INFO:PyCaret Supervised Module
2022-12-22 11:12:47,998:INFO:ML Usecase: regression
2022-12-22 11:12:47,998:INFO:version 2.3.10
2022-12-22 11:12:47,998:INFO:Initializing setup()
2022-12-22 11:12:47,998:INFO:setup(target=0        75.7
1        50.5
2        40.5
3        47.2
4        49.5
         ... 
31099    51.8
31100    37.2
31101    64.6
31102    50.7
31103    37.6
Name: tm, Length: 31104, dtype: float64, ml_usecase=regression, available_plots={'parameter': 'Hyperparameters', 'residuals': 'Residuals', 'error': 'Prediction Error', 'cooks': 'Cooks Distance', 'rfe': 'Feature Selection', 'learning': 'Learning Curve', 'manifold': 'Manifold Learning', 'vc': 'Validation Curve', 'feature': 'Feature Importance', 'feature_all': 'Feature Importance (All)', 'tree': 'Decision Tree'}, train_size=0.7, test_data=None, preprocess=True, imputation_type=simple, iterative_imputation_iters=5, categorical_features=None, categorical_imputation=constant, categorical_iterative_imputer=lightgbm, ordinal_features=None, high_cardinality_features=None, high_cardinality_method=frequency, numeric_features=None, numeric_imputation=mean, numeric_iterative_imputer=lightgbm, date_features=None, ignore_features=None, normalize=False, normalize_method=zscore, transformation=False, transformation_method=yeo-johnson, handle_unknown_categorical=True, unknown_categorical_method=least_frequent, pca=False, pca_method=linear, pca_components=None, ignore_low_variance=False, combine_rare_levels=False, rare_level_threshold=0.1, bin_numeric_features=None, remove_outliers=False, outliers_threshold=0.05, remove_multicollinearity=False, multicollinearity_threshold=0.9, remove_perfect_collinearity=True, create_clusters=False, cluster_iter=20, polynomial_features=False, polynomial_degree=2, trigonometry_features=False, polynomial_threshold=0.1, group_features=None, group_names=None, feature_selection=False, feature_selection_threshold=0.8, feature_selection_method=classic, feature_interaction=False, feature_ratio=False, interaction_threshold=0.01, fix_imbalance=False, fix_imbalance_method=None, transform_target=False, transform_target_method=box-cox, data_split_shuffle=True, data_split_stratify=False, fold_strategy=kfold, fold=10, fold_shuffle=False, fold_groups=None, n_jobs=-1, use_gpu=False, custom_pipeline=None, html=True, session_id=None, log_experiment=False, experiment_name=None, log_plots=False, log_profile=False, log_data=False, silent=False, verbose=True, profile=False, profile_kwargs=None, display=None)
2022-12-22 11:12:47,999:INFO:Checking environment
2022-12-22 11:12:47,999:INFO:python_version: 3.10.6
2022-12-22 11:12:47,999:INFO:python_build: ('main', 'Aug 22 2022 20:38:29')
2022-12-22 11:12:47,999:INFO:machine: arm64
2022-12-22 11:12:47,999:INFO:platform: macOS-13.0.1-arm64-arm-64bit
2022-12-22 11:12:47,999:INFO:Memory: svmem(total=17179869184, available=2983706624, percent=82.6, used=6506840064, free=60243968, active=2945892352, inactive=2846801920, wired=3560947712)
2022-12-22 11:12:47,999:INFO:Physical Core: 10
2022-12-22 11:12:47,999:INFO:Logical Core: 10
2022-12-22 11:12:47,999:INFO:Checking libraries
2022-12-22 11:12:47,999:INFO:pd==1.5.2
2022-12-22 11:12:47,999:INFO:numpy==1.23.5
2022-12-22 11:12:47,999:INFO:sklearn==1.2.0
2022-12-22 11:12:47,999:INFO:xgboost==1.7.2
2022-12-22 11:12:47,999:INFO:lightgbm==3.2.1
2022-12-22 11:12:47,999:INFO:catboost==1.0.6
2022-12-22 11:12:47,999:INFO:mlflow==1.30.0
2022-12-22 11:12:47,999:INFO:Checking Exceptions
2022-12-22 11:13:13,727:INFO:PyCaret Supervised Module
2022-12-22 11:13:13,728:INFO:ML Usecase: regression
2022-12-22 11:13:13,728:INFO:version 2.3.10
2022-12-22 11:13:13,728:INFO:Initializing setup()
2022-12-22 11:13:13,728:INFO:setup(target=tm, ml_usecase=regression, available_plots={'parameter': 'Hyperparameters', 'residuals': 'Residuals', 'error': 'Prediction Error', 'cooks': 'Cooks Distance', 'rfe': 'Feature Selection', 'learning': 'Learning Curve', 'manifold': 'Manifold Learning', 'vc': 'Validation Curve', 'feature': 'Feature Importance', 'feature_all': 'Feature Importance (All)', 'tree': 'Decision Tree'}, train_size=0.7, test_data=None, preprocess=True, imputation_type=simple, iterative_imputation_iters=5, categorical_features=None, categorical_imputation=constant, categorical_iterative_imputer=lightgbm, ordinal_features=None, high_cardinality_features=None, high_cardinality_method=frequency, numeric_features=None, numeric_imputation=mean, numeric_iterative_imputer=lightgbm, date_features=None, ignore_features=None, normalize=False, normalize_method=zscore, transformation=False, transformation_method=yeo-johnson, handle_unknown_categorical=True, unknown_categorical_method=least_frequent, pca=False, pca_method=linear, pca_components=None, ignore_low_variance=False, combine_rare_levels=False, rare_level_threshold=0.1, bin_numeric_features=None, remove_outliers=False, outliers_threshold=0.05, remove_multicollinearity=False, multicollinearity_threshold=0.9, remove_perfect_collinearity=True, create_clusters=False, cluster_iter=20, polynomial_features=False, polynomial_degree=2, trigonometry_features=False, polynomial_threshold=0.1, group_features=None, group_names=None, feature_selection=False, feature_selection_threshold=0.8, feature_selection_method=classic, feature_interaction=False, feature_ratio=False, interaction_threshold=0.01, fix_imbalance=False, fix_imbalance_method=None, transform_target=False, transform_target_method=box-cox, data_split_shuffle=True, data_split_stratify=False, fold_strategy=kfold, fold=10, fold_shuffle=False, fold_groups=None, n_jobs=-1, use_gpu=False, custom_pipeline=None, html=True, session_id=None, log_experiment=False, experiment_name=None, log_plots=False, log_profile=False, log_data=False, silent=False, verbose=True, profile=False, profile_kwargs=None, display=None)
2022-12-22 11:13:13,728:INFO:Checking environment
2022-12-22 11:13:13,728:INFO:python_version: 3.10.6
2022-12-22 11:13:13,728:INFO:python_build: ('main', 'Aug 22 2022 20:38:29')
2022-12-22 11:13:13,728:INFO:machine: arm64
2022-12-22 11:13:13,728:INFO:platform: macOS-13.0.1-arm64-arm-64bit
2022-12-22 11:13:13,728:INFO:Memory: svmem(total=17179869184, available=3252076544, percent=81.1, used=6701793280, free=28884992, active=3240722432, inactive=3192733696, wired=3461070848)
2022-12-22 11:13:13,728:INFO:Physical Core: 10
2022-12-22 11:13:13,728:INFO:Logical Core: 10
2022-12-22 11:13:13,729:INFO:Checking libraries
2022-12-22 11:13:13,729:INFO:pd==1.5.2
2022-12-22 11:13:13,729:INFO:numpy==1.23.5
2022-12-22 11:13:13,729:INFO:sklearn==1.2.0
2022-12-22 11:13:13,729:INFO:xgboost==1.7.2
2022-12-22 11:13:13,729:INFO:lightgbm==3.2.1
2022-12-22 11:13:13,729:INFO:catboost==1.0.6
2022-12-22 11:13:13,729:INFO:mlflow==1.30.0
2022-12-22 11:13:13,729:INFO:Checking Exceptions
2022-12-22 11:13:13,730:INFO:Declaring global variables
2022-12-22 11:13:13,730:INFO:USI: eed6
2022-12-22 11:13:13,730:INFO:pycaret_globals: {'fold_groups_param', 'exp_name_log', 'logging_param', 'log_plots_param', '_available_plots', '_gpu_n_jobs_param', 'imputation_regressor', 'prep_pipe', 'fix_imbalance_param', 'fold_generator', 'fix_imbalance_method_param', 'X', 'y_train', '_ml_usecase', 'transform_target_param', 'USI', 'experiment__', 'html_param', '_all_metrics', 'create_model_container', 'stratify_param', 'display_container', 'iterative_imputation_iters_param', 'X_train', 'y_test', 'fold_param', 'data_before_preprocess', '_all_models', 'X_test', 'pycaret_globals', 'imputation_classifier', 'transform_target_method_param', 'gpu_param', '_internal_pipeline', 'y', 'seed', 'target_param', '_all_models_internal', 'fold_shuffle_param', 'master_model_container', 'n_jobs_param'}
2022-12-22 11:13:13,730:INFO:Preparing display monitor
2022-12-22 11:13:13,730:INFO:Preparing display monitor
2022-12-22 11:13:13,751:INFO:Importing libraries
2022-12-22 11:13:13,752:INFO:Copying data for preprocessing
2022-12-22 11:13:13,762:INFO:Declaring preprocessing parameters
2022-12-22 11:13:13,765:INFO:Creating preprocessing pipeline
2022-12-22 11:13:13,828:INFO:Preprocessing pipeline created successfully
2022-12-22 11:13:13,828:ERROR:(Process Exit): setup has been interupted with user command 'quit'. setup must rerun.
2022-12-22 11:13:13,828:INFO:Creating global containers
2022-12-22 11:16:17,291:INFO:PyCaret Supervised Module
2022-12-22 11:16:17,292:INFO:ML Usecase: regression
2022-12-22 11:16:17,292:INFO:version 2.3.10
2022-12-22 11:16:17,292:INFO:Initializing setup()
2022-12-22 11:16:17,292:INFO:setup(target=tm, ml_usecase=regression, available_plots={'parameter': 'Hyperparameters', 'residuals': 'Residuals', 'error': 'Prediction Error', 'cooks': 'Cooks Distance', 'rfe': 'Feature Selection', 'learning': 'Learning Curve', 'manifold': 'Manifold Learning', 'vc': 'Validation Curve', 'feature': 'Feature Importance', 'feature_all': 'Feature Importance (All)', 'tree': 'Decision Tree'}, train_size=0.7, test_data=None, preprocess=True, imputation_type=simple, iterative_imputation_iters=5, categorical_features=None, categorical_imputation=constant, categorical_iterative_imputer=lightgbm, ordinal_features=None, high_cardinality_features=None, high_cardinality_method=frequency, numeric_features=None, numeric_imputation=mean, numeric_iterative_imputer=lightgbm, date_features=None, ignore_features=None, normalize=False, normalize_method=zscore, transformation=False, transformation_method=yeo-johnson, handle_unknown_categorical=True, unknown_categorical_method=least_frequent, pca=False, pca_method=linear, pca_components=None, ignore_low_variance=False, combine_rare_levels=False, rare_level_threshold=0.1, bin_numeric_features=None, remove_outliers=False, outliers_threshold=0.05, remove_multicollinearity=False, multicollinearity_threshold=0.9, remove_perfect_collinearity=True, create_clusters=False, cluster_iter=20, polynomial_features=False, polynomial_degree=2, trigonometry_features=False, polynomial_threshold=0.1, group_features=None, group_names=None, feature_selection=False, feature_selection_threshold=0.8, feature_selection_method=classic, feature_interaction=False, feature_ratio=False, interaction_threshold=0.01, fix_imbalance=False, fix_imbalance_method=None, transform_target=False, transform_target_method=box-cox, data_split_shuffle=True, data_split_stratify=False, fold_strategy=kfold, fold=10, fold_shuffle=False, fold_groups=None, n_jobs=-1, use_gpu=False, custom_pipeline=None, html=True, session_id=None, log_experiment=False, experiment_name=None, log_plots=False, log_profile=False, log_data=False, silent=False, verbose=True, profile=False, profile_kwargs=None, display=None)
2022-12-22 11:16:17,292:INFO:Checking environment
2022-12-22 11:16:17,293:INFO:python_version: 3.10.6
2022-12-22 11:16:17,293:INFO:python_build: ('main', 'Aug 22 2022 20:38:29')
2022-12-22 11:16:17,293:INFO:machine: arm64
2022-12-22 11:16:17,293:INFO:platform: macOS-13.0.1-arm64-arm-64bit
2022-12-22 11:16:17,293:INFO:Memory: svmem(total=17179869184, available=3186868224, percent=81.4, used=6672236544, free=58146816, active=3132129280, inactive=3118104576, wired=3540107264)
2022-12-22 11:16:17,293:INFO:Physical Core: 10
2022-12-22 11:16:17,293:INFO:Logical Core: 10
2022-12-22 11:16:17,293:INFO:Checking libraries
2022-12-22 11:16:17,293:INFO:pd==1.5.2
2022-12-22 11:16:17,293:INFO:numpy==1.23.5
2022-12-22 11:16:17,293:INFO:sklearn==1.2.0
2022-12-22 11:16:17,293:INFO:xgboost==1.7.2
2022-12-22 11:16:17,293:INFO:lightgbm==3.2.1
2022-12-22 11:16:17,293:INFO:catboost==1.0.6
2022-12-22 11:16:17,293:INFO:mlflow==1.30.0
2022-12-22 11:16:17,293:INFO:Checking Exceptions
2022-12-22 11:16:17,294:INFO:Declaring global variables
2022-12-22 11:16:17,294:INFO:USI: 3970
2022-12-22 11:16:17,294:INFO:pycaret_globals: {'fold_groups_param', 'exp_name_log', 'logging_param', 'log_plots_param', '_available_plots', '_gpu_n_jobs_param', 'imputation_regressor', 'prep_pipe', 'fix_imbalance_param', 'fold_generator', 'fix_imbalance_method_param', 'X', 'y_train', '_ml_usecase', 'transform_target_param', 'USI', 'experiment__', 'html_param', '_all_metrics', 'create_model_container', 'stratify_param', 'display_container', 'iterative_imputation_iters_param', 'X_train', 'y_test', 'fold_param', 'data_before_preprocess', '_all_models', 'X_test', 'pycaret_globals', 'imputation_classifier', 'transform_target_method_param', 'gpu_param', '_internal_pipeline', 'y', 'seed', 'target_param', '_all_models_internal', 'fold_shuffle_param', 'master_model_container', 'n_jobs_param'}
2022-12-22 11:16:17,294:INFO:Preparing display monitor
2022-12-22 11:16:17,294:INFO:Preparing display monitor
2022-12-22 11:16:17,300:INFO:Importing libraries
2022-12-22 11:16:17,300:INFO:Copying data for preprocessing
2022-12-22 11:16:17,308:INFO:Declaring preprocessing parameters
2022-12-22 11:16:17,312:INFO:Creating preprocessing pipeline
2022-12-22 11:16:17,394:INFO:Preprocessing pipeline created successfully
2022-12-22 11:16:17,394:ERROR:(Process Exit): setup has been interupted with user command 'quit'. setup must rerun.
2022-12-22 11:16:17,394:INFO:Creating global containers
2022-12-22 11:22:14,322:INFO:PyCaret Supervised Module
2022-12-22 11:22:14,324:INFO:ML Usecase: regression
2022-12-22 11:22:14,324:INFO:version 2.3.10
2022-12-22 11:22:14,324:INFO:Initializing setup()
2022-12-22 11:22:14,324:INFO:setup(target=tm, ml_usecase=regression, available_plots={'parameter': 'Hyperparameters', 'residuals': 'Residuals', 'error': 'Prediction Error', 'cooks': 'Cooks Distance', 'rfe': 'Feature Selection', 'learning': 'Learning Curve', 'manifold': 'Manifold Learning', 'vc': 'Validation Curve', 'feature': 'Feature Importance', 'feature_all': 'Feature Importance (All)', 'tree': 'Decision Tree'}, train_size=0.2, test_data=None, preprocess=True, imputation_type=simple, iterative_imputation_iters=5, categorical_features=None, categorical_imputation=constant, categorical_iterative_imputer=lightgbm, ordinal_features=None, high_cardinality_features=None, high_cardinality_method=frequency, numeric_features=None, numeric_imputation=mean, numeric_iterative_imputer=lightgbm, date_features=None, ignore_features=None, normalize=False, normalize_method=zscore, transformation=False, transformation_method=yeo-johnson, handle_unknown_categorical=True, unknown_categorical_method=least_frequent, pca=False, pca_method=linear, pca_components=None, ignore_low_variance=False, combine_rare_levels=False, rare_level_threshold=0.1, bin_numeric_features=None, remove_outliers=False, outliers_threshold=0.05, remove_multicollinearity=False, multicollinearity_threshold=0.9, remove_perfect_collinearity=True, create_clusters=False, cluster_iter=20, polynomial_features=False, polynomial_degree=2, trigonometry_features=False, polynomial_threshold=0.1, group_features=None, group_names=None, feature_selection=False, feature_selection_threshold=0.8, feature_selection_method=classic, feature_interaction=False, feature_ratio=False, interaction_threshold=0.01, fix_imbalance=False, fix_imbalance_method=None, transform_target=False, transform_target_method=box-cox, data_split_shuffle=True, data_split_stratify=False, fold_strategy=kfold, fold=10, fold_shuffle=False, fold_groups=None, n_jobs=-1, use_gpu=False, custom_pipeline=None, html=True, session_id=None, log_experiment=False, experiment_name=None, log_plots=False, log_profile=False, log_data=False, silent=False, verbose=True, profile=False, profile_kwargs=None, display=None)
2022-12-22 11:22:14,324:INFO:Checking environment
2022-12-22 11:22:14,324:INFO:python_version: 3.10.6
2022-12-22 11:22:14,324:INFO:python_build: ('main', 'Aug 22 2022 20:38:29')
2022-12-22 11:22:14,324:INFO:machine: arm64
2022-12-22 11:22:14,324:INFO:platform: macOS-13.0.1-arm64-arm-64bit
2022-12-22 11:22:14,324:INFO:Memory: svmem(total=17179869184, available=2999910400, percent=82.5, used=6265241600, free=56868864, active=2953494528, inactive=2937962496, wired=3311747072)
2022-12-22 11:22:14,324:INFO:Physical Core: 10
2022-12-22 11:22:14,324:INFO:Logical Core: 10
2022-12-22 11:22:14,324:INFO:Checking libraries
2022-12-22 11:22:14,324:INFO:pd==1.5.2
2022-12-22 11:22:14,324:INFO:numpy==1.23.5
2022-12-22 11:22:14,324:INFO:sklearn==1.2.0
2022-12-22 11:22:14,324:INFO:xgboost==1.7.2
2022-12-22 11:22:14,324:INFO:lightgbm==3.2.1
2022-12-22 11:22:14,324:INFO:catboost==1.0.6
2022-12-22 11:22:14,324:INFO:mlflow==1.30.0
2022-12-22 11:22:14,324:INFO:Checking Exceptions
2022-12-22 11:22:14,325:INFO:Declaring global variables
2022-12-22 11:22:14,325:INFO:USI: ca43
2022-12-22 11:22:14,325:INFO:pycaret_globals: {'fold_groups_param', 'exp_name_log', 'logging_param', 'log_plots_param', '_available_plots', '_gpu_n_jobs_param', 'imputation_regressor', 'prep_pipe', 'fix_imbalance_param', 'fold_generator', 'fix_imbalance_method_param', 'X', 'y_train', '_ml_usecase', 'transform_target_param', 'USI', 'experiment__', 'html_param', '_all_metrics', 'create_model_container', 'stratify_param', 'display_container', 'iterative_imputation_iters_param', 'X_train', 'y_test', 'fold_param', 'data_before_preprocess', '_all_models', 'X_test', 'pycaret_globals', 'imputation_classifier', 'transform_target_method_param', 'gpu_param', '_internal_pipeline', 'y', 'seed', 'target_param', '_all_models_internal', 'fold_shuffle_param', 'master_model_container', 'n_jobs_param'}
2022-12-22 11:22:14,325:INFO:Preparing display monitor
2022-12-22 11:22:14,326:INFO:Preparing display monitor
2022-12-22 11:22:14,336:INFO:Importing libraries
2022-12-22 11:22:14,337:INFO:Copying data for preprocessing
2022-12-22 11:22:14,351:INFO:Declaring preprocessing parameters
2022-12-22 11:22:14,360:INFO:Creating preprocessing pipeline
2022-12-22 11:22:14,455:INFO:Preprocessing pipeline created successfully
2022-12-22 11:22:14,455:ERROR:(Process Exit): setup has been interupted with user command 'quit'. setup must rerun.
2022-12-22 11:22:14,455:INFO:Creating global containers
2022-12-22 11:23:05,530:INFO:PyCaret Supervised Module
2022-12-22 11:23:05,531:INFO:ML Usecase: regression
2022-12-22 11:23:05,531:INFO:version 2.3.10
2022-12-22 11:23:05,531:INFO:Initializing setup()
2022-12-22 11:23:05,531:INFO:setup(target=tm, ml_usecase=regression, available_plots={'parameter': 'Hyperparameters', 'residuals': 'Residuals', 'error': 'Prediction Error', 'cooks': 'Cooks Distance', 'rfe': 'Feature Selection', 'learning': 'Learning Curve', 'manifold': 'Manifold Learning', 'vc': 'Validation Curve', 'feature': 'Feature Importance', 'feature_all': 'Feature Importance (All)', 'tree': 'Decision Tree'}, train_size=0.2, test_data=None, preprocess=True, imputation_type=simple, iterative_imputation_iters=5, categorical_features=None, categorical_imputation=constant, categorical_iterative_imputer=lightgbm, ordinal_features=None, high_cardinality_features=None, high_cardinality_method=frequency, numeric_features=None, numeric_imputation=mean, numeric_iterative_imputer=lightgbm, date_features=None, ignore_features=None, normalize=False, normalize_method=zscore, transformation=False, transformation_method=yeo-johnson, handle_unknown_categorical=True, unknown_categorical_method=least_frequent, pca=False, pca_method=linear, pca_components=None, ignore_low_variance=False, combine_rare_levels=False, rare_level_threshold=0.1, bin_numeric_features=None, remove_outliers=False, outliers_threshold=0.05, remove_multicollinearity=False, multicollinearity_threshold=0.9, remove_perfect_collinearity=True, create_clusters=False, cluster_iter=20, polynomial_features=False, polynomial_degree=2, trigonometry_features=False, polynomial_threshold=0.1, group_features=None, group_names=None, feature_selection=False, feature_selection_threshold=0.8, feature_selection_method=classic, feature_interaction=False, feature_ratio=False, interaction_threshold=0.01, fix_imbalance=False, fix_imbalance_method=None, transform_target=False, transform_target_method=box-cox, data_split_shuffle=True, data_split_stratify=False, fold_strategy=kfold, fold=10, fold_shuffle=False, fold_groups=None, n_jobs=-1, use_gpu=False, custom_pipeline=None, html=True, session_id=None, log_experiment=False, experiment_name=None, log_plots=False, log_profile=False, log_data=False, silent=False, verbose=True, profile=False, profile_kwargs=None, display=None)
2022-12-22 11:23:05,531:INFO:Checking environment
2022-12-22 11:23:05,532:INFO:python_version: 3.10.6
2022-12-22 11:23:05,532:INFO:python_build: ('main', 'Aug 22 2022 20:38:29')
2022-12-22 11:23:05,532:INFO:machine: arm64
2022-12-22 11:23:05,532:INFO:platform: macOS-13.0.1-arm64-arm-64bit
2022-12-22 11:23:05,532:INFO:Memory: svmem(total=17179869184, available=3220193280, percent=81.3, used=6466093056, free=56754176, active=3178004480, inactive=3151872000, wired=3288088576)
2022-12-22 11:23:05,532:INFO:Physical Core: 10
2022-12-22 11:23:05,532:INFO:Logical Core: 10
2022-12-22 11:23:05,532:INFO:Checking libraries
2022-12-22 11:23:05,532:INFO:pd==1.5.2
2022-12-22 11:23:05,532:INFO:numpy==1.23.5
2022-12-22 11:23:05,532:INFO:sklearn==1.2.0
2022-12-22 11:23:05,532:INFO:xgboost==1.7.2
2022-12-22 11:23:05,532:INFO:lightgbm==3.2.1
2022-12-22 11:23:05,532:INFO:catboost==1.0.6
2022-12-22 11:23:05,532:INFO:mlflow==1.30.0
2022-12-22 11:23:05,532:INFO:Checking Exceptions
2022-12-22 11:23:05,533:INFO:Declaring global variables
2022-12-22 11:23:05,533:INFO:USI: 33f4
2022-12-22 11:23:05,533:INFO:pycaret_globals: {'fold_groups_param', 'exp_name_log', 'logging_param', 'log_plots_param', '_available_plots', '_gpu_n_jobs_param', 'imputation_regressor', 'prep_pipe', 'fix_imbalance_param', 'fold_generator', 'fix_imbalance_method_param', 'X', 'y_train', '_ml_usecase', 'transform_target_param', 'USI', 'experiment__', 'html_param', '_all_metrics', 'create_model_container', 'stratify_param', 'display_container', 'iterative_imputation_iters_param', 'X_train', 'y_test', 'fold_param', 'data_before_preprocess', '_all_models', 'X_test', 'pycaret_globals', 'imputation_classifier', 'transform_target_method_param', 'gpu_param', '_internal_pipeline', 'y', 'seed', 'target_param', '_all_models_internal', 'fold_shuffle_param', 'master_model_container', 'n_jobs_param'}
2022-12-22 11:23:05,533:INFO:Preparing display monitor
2022-12-22 11:23:05,533:INFO:Preparing display monitor
2022-12-22 11:23:05,541:INFO:Importing libraries
2022-12-22 11:23:05,541:INFO:Copying data for preprocessing
2022-12-22 11:23:05,557:INFO:Declaring preprocessing parameters
2022-12-22 11:23:05,561:INFO:Creating preprocessing pipeline
2022-12-22 11:23:05,617:INFO:Preprocessing pipeline created successfully
2022-12-22 11:23:05,617:ERROR:(Process Exit): setup has been interupted with user command 'quit'. setup must rerun.
2022-12-22 11:23:05,618:INFO:Creating global containers
2022-12-22 11:23:51,052:INFO:PyCaret Supervised Module
2022-12-22 11:23:51,053:INFO:ML Usecase: regression
2022-12-22 11:23:51,053:INFO:version 2.3.10
2022-12-22 11:23:51,053:INFO:Initializing setup()
2022-12-22 11:23:51,053:INFO:setup(target=tm, ml_usecase=regression, available_plots={'parameter': 'Hyperparameters', 'residuals': 'Residuals', 'error': 'Prediction Error', 'cooks': 'Cooks Distance', 'rfe': 'Feature Selection', 'learning': 'Learning Curve', 'manifold': 'Manifold Learning', 'vc': 'Validation Curve', 'feature': 'Feature Importance', 'feature_all': 'Feature Importance (All)', 'tree': 'Decision Tree'}, train_size=0.2, test_data=None, preprocess=True, imputation_type=simple, iterative_imputation_iters=5, categorical_features=None, categorical_imputation=constant, categorical_iterative_imputer=lightgbm, ordinal_features=None, high_cardinality_features=None, high_cardinality_method=frequency, numeric_features=None, numeric_imputation=mean, numeric_iterative_imputer=lightgbm, date_features=None, ignore_features=None, normalize=False, normalize_method=zscore, transformation=False, transformation_method=yeo-johnson, handle_unknown_categorical=True, unknown_categorical_method=least_frequent, pca=False, pca_method=linear, pca_components=None, ignore_low_variance=False, combine_rare_levels=False, rare_level_threshold=0.1, bin_numeric_features=None, remove_outliers=False, outliers_threshold=0.05, remove_multicollinearity=False, multicollinearity_threshold=0.9, remove_perfect_collinearity=True, create_clusters=False, cluster_iter=20, polynomial_features=False, polynomial_degree=2, trigonometry_features=False, polynomial_threshold=0.1, group_features=None, group_names=None, feature_selection=False, feature_selection_threshold=0.8, feature_selection_method=classic, feature_interaction=False, feature_ratio=False, interaction_threshold=0.01, fix_imbalance=False, fix_imbalance_method=None, transform_target=False, transform_target_method=box-cox, data_split_shuffle=True, data_split_stratify=False, fold_strategy=kfold, fold=10, fold_shuffle=False, fold_groups=None, n_jobs=-1, use_gpu=False, custom_pipeline=None, html=True, session_id=None, log_experiment=False, experiment_name=None, log_plots=False, log_profile=False, log_data=False, silent=False, verbose=True, profile=False, profile_kwargs=None, display=None)
2022-12-22 11:23:51,053:INFO:Checking environment
2022-12-22 11:23:51,053:INFO:python_version: 3.10.6
2022-12-22 11:23:51,053:INFO:python_build: ('main', 'Aug 22 2022 20:38:29')
2022-12-22 11:23:51,053:INFO:machine: arm64
2022-12-22 11:23:51,053:INFO:platform: macOS-13.0.1-arm64-arm-64bit
2022-12-22 11:23:51,054:INFO:Memory: svmem(total=17179869184, available=3281387520, percent=80.9, used=6436405248, free=48480256, active=3240378368, inactive=3227828224, wired=3196026880)
2022-12-22 11:23:51,054:INFO:Physical Core: 10
2022-12-22 11:23:51,054:INFO:Logical Core: 10
2022-12-22 11:23:51,054:INFO:Checking libraries
2022-12-22 11:23:51,054:INFO:pd==1.5.2
2022-12-22 11:23:51,054:INFO:numpy==1.23.5
2022-12-22 11:23:51,054:INFO:sklearn==1.2.0
2022-12-22 11:23:51,054:INFO:xgboost==1.7.2
2022-12-22 11:23:51,054:INFO:lightgbm==3.2.1
2022-12-22 11:23:51,054:INFO:catboost==1.0.6
2022-12-22 11:23:51,054:INFO:mlflow==1.30.0
2022-12-22 11:23:51,054:INFO:Checking Exceptions
2022-12-22 11:23:51,055:INFO:Declaring global variables
2022-12-22 11:23:51,055:INFO:USI: 3247
2022-12-22 11:23:51,055:INFO:pycaret_globals: {'fold_groups_param', 'exp_name_log', 'logging_param', 'log_plots_param', '_available_plots', '_gpu_n_jobs_param', 'imputation_regressor', 'prep_pipe', 'fix_imbalance_param', 'fold_generator', 'fix_imbalance_method_param', 'X', 'y_train', '_ml_usecase', 'transform_target_param', 'USI', 'experiment__', 'html_param', '_all_metrics', 'create_model_container', 'stratify_param', 'display_container', 'iterative_imputation_iters_param', 'X_train', 'y_test', 'fold_param', 'data_before_preprocess', '_all_models', 'X_test', 'pycaret_globals', 'imputation_classifier', 'transform_target_method_param', 'gpu_param', '_internal_pipeline', 'y', 'seed', 'target_param', '_all_models_internal', 'fold_shuffle_param', 'master_model_container', 'n_jobs_param'}
2022-12-22 11:23:51,055:INFO:Preparing display monitor
2022-12-22 11:23:51,055:INFO:Preparing display monitor
2022-12-22 11:23:51,064:INFO:Importing libraries
2022-12-22 11:23:51,064:INFO:Copying data for preprocessing
2022-12-22 11:23:51,069:INFO:Declaring preprocessing parameters
2022-12-22 11:23:51,070:INFO:Creating preprocessing pipeline
2022-12-22 11:23:51,075:INFO:Preprocessing pipeline created successfully
2022-12-22 11:23:51,076:ERROR:(Process Exit): setup has been interupted with user command 'quit'. setup must rerun.
2022-12-22 11:23:51,076:INFO:Creating global containers
2022-12-22 11:24:28,030:INFO:PyCaret Supervised Module
2022-12-22 11:24:28,031:INFO:ML Usecase: regression
2022-12-22 11:24:28,031:INFO:version 2.3.10
2022-12-22 11:24:28,032:INFO:Initializing setup()
2022-12-22 11:24:28,032:INFO:setup(target=tm, ml_usecase=regression, available_plots={'parameter': 'Hyperparameters', 'residuals': 'Residuals', 'error': 'Prediction Error', 'cooks': 'Cooks Distance', 'rfe': 'Feature Selection', 'learning': 'Learning Curve', 'manifold': 'Manifold Learning', 'vc': 'Validation Curve', 'feature': 'Feature Importance', 'feature_all': 'Feature Importance (All)', 'tree': 'Decision Tree'}, train_size=0.2, test_data=None, preprocess=True, imputation_type=simple, iterative_imputation_iters=5, categorical_features=None, categorical_imputation=constant, categorical_iterative_imputer=lightgbm, ordinal_features=None, high_cardinality_features=None, high_cardinality_method=frequency, numeric_features=None, numeric_imputation=mean, numeric_iterative_imputer=lightgbm, date_features=None, ignore_features=None, normalize=False, normalize_method=zscore, transformation=False, transformation_method=yeo-johnson, handle_unknown_categorical=True, unknown_categorical_method=least_frequent, pca=False, pca_method=linear, pca_components=None, ignore_low_variance=False, combine_rare_levels=False, rare_level_threshold=0.1, bin_numeric_features=None, remove_outliers=False, outliers_threshold=0.05, remove_multicollinearity=False, multicollinearity_threshold=0.9, remove_perfect_collinearity=True, create_clusters=False, cluster_iter=20, polynomial_features=False, polynomial_degree=2, trigonometry_features=False, polynomial_threshold=0.1, group_features=None, group_names=None, feature_selection=False, feature_selection_threshold=0.8, feature_selection_method=classic, feature_interaction=False, feature_ratio=False, interaction_threshold=0.01, fix_imbalance=False, fix_imbalance_method=None, transform_target=False, transform_target_method=box-cox, data_split_shuffle=True, data_split_stratify=False, fold_strategy=kfold, fold=10, fold_shuffle=False, fold_groups=None, n_jobs=-1, use_gpu=False, custom_pipeline=None, html=True, session_id=None, log_experiment=False, experiment_name=None, log_plots=False, log_profile=False, log_data=False, silent=False, verbose=True, profile=False, profile_kwargs=None, display=None)
2022-12-22 11:24:28,032:INFO:Checking environment
2022-12-22 11:24:28,032:INFO:python_version: 3.10.6
2022-12-22 11:24:28,032:INFO:python_build: ('main', 'Aug 22 2022 20:38:29')
2022-12-22 11:24:28,032:INFO:machine: arm64
2022-12-22 11:24:28,032:INFO:platform: macOS-13.0.1-arm64-arm-64bit
2022-12-22 11:24:28,032:INFO:Memory: svmem(total=17179869184, available=3192717312, percent=81.4, used=6482624512, free=49037312, active=3161145344, inactive=3140255744, wired=3321479168)
2022-12-22 11:24:28,032:INFO:Physical Core: 10
2022-12-22 11:24:28,032:INFO:Logical Core: 10
2022-12-22 11:24:28,032:INFO:Checking libraries
2022-12-22 11:24:28,032:INFO:pd==1.5.2
2022-12-22 11:24:28,032:INFO:numpy==1.23.5
2022-12-22 11:24:28,032:INFO:sklearn==1.2.0
2022-12-22 11:24:28,033:INFO:xgboost==1.7.2
2022-12-22 11:24:28,033:INFO:lightgbm==3.2.1
2022-12-22 11:24:28,033:INFO:catboost==1.0.6
2022-12-22 11:24:28,033:INFO:mlflow==1.30.0
2022-12-22 11:24:28,033:INFO:Checking Exceptions
2022-12-22 11:24:28,033:INFO:Declaring global variables
2022-12-22 11:24:28,033:INFO:USI: e570
2022-12-22 11:24:28,033:INFO:pycaret_globals: {'fold_groups_param', 'exp_name_log', 'logging_param', 'log_plots_param', '_available_plots', '_gpu_n_jobs_param', 'imputation_regressor', 'prep_pipe', 'fix_imbalance_param', 'fold_generator', 'fix_imbalance_method_param', 'X', 'y_train', '_ml_usecase', 'transform_target_param', 'USI', 'experiment__', 'html_param', '_all_metrics', 'create_model_container', 'stratify_param', 'display_container', 'iterative_imputation_iters_param', 'X_train', 'y_test', 'fold_param', 'data_before_preprocess', '_all_models', 'X_test', 'pycaret_globals', 'imputation_classifier', 'transform_target_method_param', 'gpu_param', '_internal_pipeline', 'y', 'seed', 'target_param', '_all_models_internal', 'fold_shuffle_param', 'master_model_container', 'n_jobs_param'}
2022-12-22 11:24:28,033:INFO:Preparing display monitor
2022-12-22 11:24:28,034:INFO:Preparing display monitor
2022-12-22 11:24:28,041:INFO:Importing libraries
2022-12-22 11:24:28,042:INFO:Copying data for preprocessing
2022-12-22 11:24:28,047:INFO:Declaring preprocessing parameters
2022-12-22 11:24:28,048:INFO:Creating preprocessing pipeline
2022-12-22 11:24:28,052:INFO:Preprocessing pipeline created successfully
2022-12-22 11:24:28,052:ERROR:(Process Exit): setup has been interupted with user command 'quit'. setup must rerun.
2022-12-22 11:24:28,053:INFO:Creating global containers
2022-12-22 11:24:51,442:INFO:PyCaret Supervised Module
2022-12-22 11:24:51,443:INFO:ML Usecase: regression
2022-12-22 11:24:51,443:INFO:version 2.3.10
2022-12-22 11:24:51,443:INFO:Initializing setup()
2022-12-22 11:24:51,443:INFO:setup(target=tm, ml_usecase=regression, available_plots={'parameter': 'Hyperparameters', 'residuals': 'Residuals', 'error': 'Prediction Error', 'cooks': 'Cooks Distance', 'rfe': 'Feature Selection', 'learning': 'Learning Curve', 'manifold': 'Manifold Learning', 'vc': 'Validation Curve', 'feature': 'Feature Importance', 'feature_all': 'Feature Importance (All)', 'tree': 'Decision Tree'}, train_size=0.2, test_data=None, preprocess=True, imputation_type=simple, iterative_imputation_iters=5, categorical_features=None, categorical_imputation=constant, categorical_iterative_imputer=lightgbm, ordinal_features=None, high_cardinality_features=None, high_cardinality_method=frequency, numeric_features=None, numeric_imputation=mean, numeric_iterative_imputer=lightgbm, date_features=None, ignore_features=None, normalize=False, normalize_method=zscore, transformation=False, transformation_method=yeo-johnson, handle_unknown_categorical=True, unknown_categorical_method=least_frequent, pca=False, pca_method=linear, pca_components=None, ignore_low_variance=False, combine_rare_levels=False, rare_level_threshold=0.1, bin_numeric_features=None, remove_outliers=False, outliers_threshold=0.05, remove_multicollinearity=False, multicollinearity_threshold=0.9, remove_perfect_collinearity=True, create_clusters=False, cluster_iter=20, polynomial_features=False, polynomial_degree=2, trigonometry_features=False, polynomial_threshold=0.1, group_features=None, group_names=None, feature_selection=False, feature_selection_threshold=0.8, feature_selection_method=classic, feature_interaction=False, feature_ratio=False, interaction_threshold=0.01, fix_imbalance=False, fix_imbalance_method=None, transform_target=False, transform_target_method=box-cox, data_split_shuffle=True, data_split_stratify=False, fold_strategy=kfold, fold=10, fold_shuffle=False, fold_groups=None, n_jobs=-1, use_gpu=False, custom_pipeline=None, html=True, session_id=None, log_experiment=False, experiment_name=None, log_plots=False, log_profile=False, log_data=False, silent=False, verbose=True, profile=False, profile_kwargs=None, display=None)
2022-12-22 11:24:51,443:INFO:Checking environment
2022-12-22 11:24:51,443:INFO:python_version: 3.10.6
2022-12-22 11:24:51,443:INFO:python_build: ('main', 'Aug 22 2022 20:38:29')
2022-12-22 11:24:51,443:INFO:machine: arm64
2022-12-22 11:24:51,443:INFO:platform: macOS-13.0.1-arm64-arm-64bit
2022-12-22 11:24:51,444:INFO:Memory: svmem(total=17179869184, available=3225911296, percent=81.2, used=6350290944, free=83869696, active=3154640896, inactive=3124936704, wired=3195650048)
2022-12-22 11:24:51,444:INFO:Physical Core: 10
2022-12-22 11:24:51,444:INFO:Logical Core: 10
2022-12-22 11:24:51,444:INFO:Checking libraries
2022-12-22 11:24:51,444:INFO:pd==1.5.2
2022-12-22 11:24:51,444:INFO:numpy==1.23.5
2022-12-22 11:24:51,444:INFO:sklearn==1.2.0
2022-12-22 11:24:51,444:INFO:xgboost==1.7.2
2022-12-22 11:24:51,444:INFO:lightgbm==3.2.1
2022-12-22 11:24:51,444:INFO:catboost==1.0.6
2022-12-22 11:24:51,444:INFO:mlflow==1.30.0
2022-12-22 11:24:51,444:INFO:Checking Exceptions
2022-12-22 11:24:51,444:INFO:Declaring global variables
2022-12-22 11:24:51,444:INFO:USI: 3215
2022-12-22 11:24:51,444:INFO:pycaret_globals: {'fold_groups_param', 'exp_name_log', 'logging_param', 'log_plots_param', '_available_plots', '_gpu_n_jobs_param', 'imputation_regressor', 'prep_pipe', 'fix_imbalance_param', 'fold_generator', 'fix_imbalance_method_param', 'X', 'y_train', '_ml_usecase', 'transform_target_param', 'USI', 'experiment__', 'html_param', '_all_metrics', 'create_model_container', 'stratify_param', 'display_container', 'iterative_imputation_iters_param', 'X_train', 'y_test', 'fold_param', 'data_before_preprocess', '_all_models', 'X_test', 'pycaret_globals', 'imputation_classifier', 'transform_target_method_param', 'gpu_param', '_internal_pipeline', 'y', 'seed', 'target_param', '_all_models_internal', 'fold_shuffle_param', 'master_model_container', 'n_jobs_param'}
2022-12-22 11:24:51,445:INFO:Preparing display monitor
2022-12-22 11:24:51,445:INFO:Preparing display monitor
2022-12-22 11:24:51,452:INFO:Importing libraries
2022-12-22 11:24:51,452:INFO:Copying data for preprocessing
2022-12-22 11:24:51,456:INFO:Declaring preprocessing parameters
2022-12-22 11:24:51,457:INFO:Creating preprocessing pipeline
2022-12-22 11:24:51,460:INFO:Preprocessing pipeline created successfully
2022-12-22 11:24:51,460:ERROR:(Process Exit): setup has been interupted with user command 'quit'. setup must rerun.
2022-12-22 11:24:51,460:INFO:Creating global containers
2022-12-22 11:25:22,385:INFO:PyCaret Supervised Module
2022-12-22 11:25:22,387:INFO:ML Usecase: regression
2022-12-22 11:25:22,387:INFO:version 2.3.10
2022-12-22 11:25:22,387:INFO:Initializing setup()
2022-12-22 11:25:22,387:INFO:setup(target=tm, ml_usecase=regression, available_plots={'parameter': 'Hyperparameters', 'residuals': 'Residuals', 'error': 'Prediction Error', 'cooks': 'Cooks Distance', 'rfe': 'Feature Selection', 'learning': 'Learning Curve', 'manifold': 'Manifold Learning', 'vc': 'Validation Curve', 'feature': 'Feature Importance', 'feature_all': 'Feature Importance (All)', 'tree': 'Decision Tree'}, train_size=0.2, test_data=None, preprocess=False, imputation_type=simple, iterative_imputation_iters=5, categorical_features=None, categorical_imputation=constant, categorical_iterative_imputer=lightgbm, ordinal_features=None, high_cardinality_features=None, high_cardinality_method=frequency, numeric_features=None, numeric_imputation=mean, numeric_iterative_imputer=lightgbm, date_features=None, ignore_features=None, normalize=False, normalize_method=zscore, transformation=False, transformation_method=yeo-johnson, handle_unknown_categorical=True, unknown_categorical_method=least_frequent, pca=False, pca_method=linear, pca_components=None, ignore_low_variance=False, combine_rare_levels=False, rare_level_threshold=0.1, bin_numeric_features=None, remove_outliers=False, outliers_threshold=0.05, remove_multicollinearity=False, multicollinearity_threshold=0.9, remove_perfect_collinearity=True, create_clusters=False, cluster_iter=20, polynomial_features=False, polynomial_degree=2, trigonometry_features=False, polynomial_threshold=0.1, group_features=None, group_names=None, feature_selection=False, feature_selection_threshold=0.8, feature_selection_method=classic, feature_interaction=False, feature_ratio=False, interaction_threshold=0.01, fix_imbalance=False, fix_imbalance_method=None, transform_target=False, transform_target_method=box-cox, data_split_shuffle=True, data_split_stratify=False, fold_strategy=kfold, fold=10, fold_shuffle=False, fold_groups=None, n_jobs=-1, use_gpu=False, custom_pipeline=None, html=True, session_id=None, log_experiment=False, experiment_name=None, log_plots=False, log_profile=False, log_data=False, silent=False, verbose=True, profile=False, profile_kwargs=None, display=None)
2022-12-22 11:25:22,387:INFO:Checking environment
2022-12-22 11:25:22,387:INFO:python_version: 3.10.6
2022-12-22 11:25:22,387:INFO:python_build: ('main', 'Aug 22 2022 20:38:29')
2022-12-22 11:25:22,387:INFO:machine: arm64
2022-12-22 11:25:22,387:INFO:platform: macOS-13.0.1-arm64-arm-64bit
2022-12-22 11:25:22,387:INFO:Memory: svmem(total=17179869184, available=3246424064, percent=81.1, used=6433357824, free=54689792, active=3196207104, inactive=3178315776, wired=3237150720)
2022-12-22 11:25:22,387:INFO:Physical Core: 10
2022-12-22 11:25:22,387:INFO:Logical Core: 10
2022-12-22 11:25:22,387:INFO:Checking libraries
2022-12-22 11:25:22,387:INFO:pd==1.5.2
2022-12-22 11:25:22,387:INFO:numpy==1.23.5
2022-12-22 11:25:22,387:INFO:sklearn==1.2.0
2022-12-22 11:25:22,387:INFO:xgboost==1.7.2
2022-12-22 11:25:22,387:INFO:lightgbm==3.2.1
2022-12-22 11:25:22,387:INFO:catboost==1.0.6
2022-12-22 11:25:22,387:INFO:mlflow==1.30.0
2022-12-22 11:25:22,387:INFO:Checking Exceptions
2022-12-22 11:25:22,388:INFO:Declaring global variables
2022-12-22 11:25:22,388:INFO:USI: 5acb
2022-12-22 11:25:22,388:INFO:pycaret_globals: {'fold_groups_param', 'exp_name_log', 'logging_param', 'log_plots_param', '_available_plots', '_gpu_n_jobs_param', 'imputation_regressor', 'prep_pipe', 'fix_imbalance_param', 'fold_generator', 'fix_imbalance_method_param', 'X', 'y_train', '_ml_usecase', 'transform_target_param', 'USI', 'experiment__', 'html_param', '_all_metrics', 'create_model_container', 'stratify_param', 'display_container', 'iterative_imputation_iters_param', 'X_train', 'y_test', 'fold_param', 'data_before_preprocess', '_all_models', 'X_test', 'pycaret_globals', 'imputation_classifier', 'transform_target_method_param', 'gpu_param', '_internal_pipeline', 'y', 'seed', 'target_param', '_all_models_internal', 'fold_shuffle_param', 'master_model_container', 'n_jobs_param'}
2022-12-22 11:25:22,388:INFO:Preparing display monitor
2022-12-22 11:25:22,388:INFO:Preparing display monitor
2022-12-22 11:25:22,394:INFO:Importing libraries
2022-12-22 11:25:22,395:INFO:Copying data for preprocessing
2022-12-22 11:25:22,403:INFO:Declaring preprocessing parameters
2022-12-22 11:25:22,406:INFO:Creating preprocessing pipeline
2022-12-22 11:25:22,485:INFO:Preprocessing pipeline created successfully
2022-12-22 11:25:22,485:ERROR:(Process Exit): setup has been interupted with user command 'quit'. setup must rerun.
2022-12-22 11:25:22,485:INFO:Creating global containers
2022-12-22 11:25:30,759:INFO:PyCaret Supervised Module
2022-12-22 11:25:30,760:INFO:ML Usecase: regression
2022-12-22 11:25:30,760:INFO:version 2.3.10
2022-12-22 11:25:30,760:INFO:Initializing setup()
2022-12-22 11:25:30,760:INFO:setup(target=tm, ml_usecase=regression, available_plots={'parameter': 'Hyperparameters', 'residuals': 'Residuals', 'error': 'Prediction Error', 'cooks': 'Cooks Distance', 'rfe': 'Feature Selection', 'learning': 'Learning Curve', 'manifold': 'Manifold Learning', 'vc': 'Validation Curve', 'feature': 'Feature Importance', 'feature_all': 'Feature Importance (All)', 'tree': 'Decision Tree'}, train_size=0.2, test_data=None, preprocess=True, imputation_type=simple, iterative_imputation_iters=5, categorical_features=None, categorical_imputation=constant, categorical_iterative_imputer=lightgbm, ordinal_features=None, high_cardinality_features=None, high_cardinality_method=frequency, numeric_features=None, numeric_imputation=mean, numeric_iterative_imputer=lightgbm, date_features=None, ignore_features=None, normalize=False, normalize_method=zscore, transformation=False, transformation_method=yeo-johnson, handle_unknown_categorical=True, unknown_categorical_method=least_frequent, pca=False, pca_method=linear, pca_components=None, ignore_low_variance=False, combine_rare_levels=False, rare_level_threshold=0.1, bin_numeric_features=None, remove_outliers=False, outliers_threshold=0.05, remove_multicollinearity=False, multicollinearity_threshold=0.9, remove_perfect_collinearity=True, create_clusters=False, cluster_iter=20, polynomial_features=False, polynomial_degree=2, trigonometry_features=False, polynomial_threshold=0.1, group_features=None, group_names=None, feature_selection=False, feature_selection_threshold=0.8, feature_selection_method=classic, feature_interaction=False, feature_ratio=False, interaction_threshold=0.01, fix_imbalance=False, fix_imbalance_method=None, transform_target=False, transform_target_method=box-cox, data_split_shuffle=True, data_split_stratify=False, fold_strategy=kfold, fold=10, fold_shuffle=False, fold_groups=None, n_jobs=-1, use_gpu=False, custom_pipeline=None, html=True, session_id=None, log_experiment=False, experiment_name=None, log_plots=False, log_profile=False, log_data=False, silent=False, verbose=True, profile=False, profile_kwargs=None, display=None)
2022-12-22 11:25:30,760:INFO:Checking environment
2022-12-22 11:25:30,760:INFO:python_version: 3.10.6
2022-12-22 11:25:30,760:INFO:python_build: ('main', 'Aug 22 2022 20:38:29')
2022-12-22 11:25:30,760:INFO:machine: arm64
2022-12-22 11:25:30,760:INFO:platform: macOS-13.0.1-arm64-arm-64bit
2022-12-22 11:25:30,760:INFO:Memory: svmem(total=17179869184, available=3153281024, percent=81.6, used=6343393280, free=65585152, active=3094839296, inactive=3081797632, wired=3248553984)
2022-12-22 11:25:30,760:INFO:Physical Core: 10
2022-12-22 11:25:30,760:INFO:Logical Core: 10
2022-12-22 11:25:30,760:INFO:Checking libraries
2022-12-22 11:25:30,760:INFO:pd==1.5.2
2022-12-22 11:25:30,760:INFO:numpy==1.23.5
2022-12-22 11:25:30,760:INFO:sklearn==1.2.0
2022-12-22 11:25:30,760:INFO:xgboost==1.7.2
2022-12-22 11:25:30,760:INFO:lightgbm==3.2.1
2022-12-22 11:25:30,760:INFO:catboost==1.0.6
2022-12-22 11:25:30,760:INFO:mlflow==1.30.0
2022-12-22 11:25:30,761:INFO:Checking Exceptions
2022-12-22 11:25:30,761:INFO:Declaring global variables
2022-12-22 11:25:30,761:INFO:USI: 09c2
2022-12-22 11:25:30,761:INFO:pycaret_globals: {'fold_groups_param', 'exp_name_log', 'logging_param', 'log_plots_param', '_available_plots', '_gpu_n_jobs_param', 'imputation_regressor', 'prep_pipe', 'fix_imbalance_param', 'fold_generator', 'fix_imbalance_method_param', 'X', 'y_train', '_ml_usecase', 'transform_target_param', 'USI', 'experiment__', 'html_param', '_all_metrics', 'create_model_container', 'stratify_param', 'display_container', 'iterative_imputation_iters_param', 'X_train', 'y_test', 'fold_param', 'data_before_preprocess', '_all_models', 'X_test', 'pycaret_globals', 'imputation_classifier', 'transform_target_method_param', 'gpu_param', '_internal_pipeline', 'y', 'seed', 'target_param', '_all_models_internal', 'fold_shuffle_param', 'master_model_container', 'n_jobs_param'}
2022-12-22 11:25:30,761:INFO:Preparing display monitor
2022-12-22 11:25:30,761:INFO:Preparing display monitor
2022-12-22 11:25:30,765:INFO:Importing libraries
2022-12-22 11:25:30,766:INFO:Copying data for preprocessing
2022-12-22 11:25:30,772:INFO:Declaring preprocessing parameters
2022-12-22 11:25:30,774:INFO:Creating preprocessing pipeline
2022-12-22 11:25:30,822:INFO:Preprocessing pipeline created successfully
2022-12-22 11:25:30,822:ERROR:(Process Exit): setup has been interupted with user command 'quit'. setup must rerun.
2022-12-22 11:25:30,822:INFO:Creating global containers
2022-12-22 11:28:45,906:INFO:PyCaret Supervised Module
2022-12-22 11:28:45,908:INFO:ML Usecase: regression
2022-12-22 11:28:45,908:INFO:version 2.3.10
2022-12-22 11:28:45,908:INFO:Initializing setup()
2022-12-22 11:28:45,908:INFO:setup(target=tm, ml_usecase=regression, available_plots={'parameter': 'Hyperparameters', 'residuals': 'Residuals', 'error': 'Prediction Error', 'cooks': 'Cooks Distance', 'rfe': 'Feature Selection', 'learning': 'Learning Curve', 'manifold': 'Manifold Learning', 'vc': 'Validation Curve', 'feature': 'Feature Importance', 'feature_all': 'Feature Importance (All)', 'tree': 'Decision Tree'}, train_size=0.2, test_data=None, preprocess=True, imputation_type=simple, iterative_imputation_iters=5, categorical_features=None, categorical_imputation=constant, categorical_iterative_imputer=lightgbm, ordinal_features=None, high_cardinality_features=None, high_cardinality_method=frequency, numeric_features=None, numeric_imputation=mean, numeric_iterative_imputer=lightgbm, date_features=None, ignore_features=None, normalize=False, normalize_method=zscore, transformation=False, transformation_method=yeo-johnson, handle_unknown_categorical=True, unknown_categorical_method=least_frequent, pca=False, pca_method=linear, pca_components=None, ignore_low_variance=False, combine_rare_levels=False, rare_level_threshold=0.1, bin_numeric_features=None, remove_outliers=False, outliers_threshold=0.05, remove_multicollinearity=False, multicollinearity_threshold=0.9, remove_perfect_collinearity=True, create_clusters=False, cluster_iter=20, polynomial_features=False, polynomial_degree=2, trigonometry_features=False, polynomial_threshold=0.1, group_features=None, group_names=None, feature_selection=False, feature_selection_threshold=0.8, feature_selection_method=classic, feature_interaction=False, feature_ratio=False, interaction_threshold=0.01, fix_imbalance=False, fix_imbalance_method=None, transform_target=False, transform_target_method=box-cox, data_split_shuffle=True, data_split_stratify=False, fold_strategy=kfold, fold=10, fold_shuffle=False, fold_groups=None, n_jobs=-1, use_gpu=False, custom_pipeline=None, html=True, session_id=None, log_experiment=False, experiment_name=None, log_plots=False, log_profile=False, log_data=False, silent=False, verbose=True, profile=False, profile_kwargs=None, display=None)
2022-12-22 11:28:45,908:INFO:Checking environment
2022-12-22 11:28:45,908:INFO:python_version: 3.10.6
2022-12-22 11:28:45,908:INFO:python_build: ('main', 'Aug 22 2022 20:38:29')
2022-12-22 11:28:45,908:INFO:machine: arm64
2022-12-22 11:28:45,908:INFO:platform: macOS-13.0.1-arm64-arm-64bit
2022-12-22 11:28:45,908:INFO:Memory: svmem(total=17179869184, available=2912681984, percent=83.0, used=6240731136, free=41549824, active=2883272704, inactive=2868019200, wired=3357458432)
2022-12-22 11:28:45,908:INFO:Physical Core: 10
2022-12-22 11:28:45,908:INFO:Logical Core: 10
2022-12-22 11:28:45,909:INFO:Checking libraries
2022-12-22 11:28:45,909:INFO:pd==1.5.2
2022-12-22 11:28:45,909:INFO:numpy==1.23.5
2022-12-22 11:28:45,909:INFO:sklearn==1.2.0
2022-12-22 11:28:45,909:INFO:xgboost==1.7.2
2022-12-22 11:28:45,909:INFO:lightgbm==3.2.1
2022-12-22 11:28:45,909:INFO:catboost==1.0.6
2022-12-22 11:28:45,909:INFO:mlflow==1.30.0
2022-12-22 11:28:45,909:INFO:Checking Exceptions
2022-12-22 11:28:45,910:INFO:Declaring global variables
2022-12-22 11:28:45,910:INFO:USI: 4419
2022-12-22 11:28:45,910:INFO:pycaret_globals: {'fold_groups_param', 'exp_name_log', 'logging_param', 'log_plots_param', '_available_plots', '_gpu_n_jobs_param', 'imputation_regressor', 'prep_pipe', 'fix_imbalance_param', 'fold_generator', 'fix_imbalance_method_param', 'X', 'y_train', '_ml_usecase', 'transform_target_param', 'USI', 'experiment__', 'html_param', '_all_metrics', 'create_model_container', 'stratify_param', 'display_container', 'iterative_imputation_iters_param', 'X_train', 'y_test', 'fold_param', 'data_before_preprocess', '_all_models', 'X_test', 'pycaret_globals', 'imputation_classifier', 'transform_target_method_param', 'gpu_param', '_internal_pipeline', 'y', 'seed', 'target_param', '_all_models_internal', 'fold_shuffle_param', 'master_model_container', 'n_jobs_param'}
2022-12-22 11:28:45,911:INFO:Preparing display monitor
2022-12-22 11:28:45,911:INFO:Preparing display monitor
2022-12-22 11:28:45,926:INFO:Importing libraries
2022-12-22 11:28:45,926:INFO:Copying data for preprocessing
2022-12-22 11:28:45,949:INFO:Declaring preprocessing parameters
2022-12-22 11:28:45,953:INFO:Creating preprocessing pipeline
2022-12-22 11:28:46,022:INFO:Preprocessing pipeline created successfully
2022-12-22 11:28:46,022:ERROR:(Process Exit): setup has been interupted with user command 'quit'. setup must rerun.
2022-12-22 11:28:46,022:INFO:Creating global containers
2022-12-22 11:30:18,051:INFO:PyCaret Supervised Module
2022-12-22 11:30:18,053:INFO:ML Usecase: regression
2022-12-22 11:30:18,053:INFO:version 2.3.10
2022-12-22 11:30:18,053:INFO:Initializing setup()
2022-12-22 11:30:18,053:INFO:setup(target=charges, ml_usecase=regression, available_plots={'parameter': 'Hyperparameters', 'residuals': 'Residuals', 'error': 'Prediction Error', 'cooks': 'Cooks Distance', 'rfe': 'Feature Selection', 'learning': 'Learning Curve', 'manifold': 'Manifold Learning', 'vc': 'Validation Curve', 'feature': 'Feature Importance', 'feature_all': 'Feature Importance (All)', 'tree': 'Decision Tree'}, train_size=0.2, test_data=None, preprocess=True, imputation_type=simple, iterative_imputation_iters=5, categorical_features=None, categorical_imputation=constant, categorical_iterative_imputer=lightgbm, ordinal_features=None, high_cardinality_features=None, high_cardinality_method=frequency, numeric_features=None, numeric_imputation=mean, numeric_iterative_imputer=lightgbm, date_features=None, ignore_features=None, normalize=False, normalize_method=zscore, transformation=False, transformation_method=yeo-johnson, handle_unknown_categorical=True, unknown_categorical_method=least_frequent, pca=False, pca_method=linear, pca_components=None, ignore_low_variance=False, combine_rare_levels=False, rare_level_threshold=0.1, bin_numeric_features=None, remove_outliers=False, outliers_threshold=0.05, remove_multicollinearity=False, multicollinearity_threshold=0.9, remove_perfect_collinearity=True, create_clusters=False, cluster_iter=20, polynomial_features=False, polynomial_degree=2, trigonometry_features=False, polynomial_threshold=0.1, group_features=None, group_names=None, feature_selection=False, feature_selection_threshold=0.8, feature_selection_method=classic, feature_interaction=False, feature_ratio=False, interaction_threshold=0.01, fix_imbalance=False, fix_imbalance_method=None, transform_target=False, transform_target_method=box-cox, data_split_shuffle=True, data_split_stratify=False, fold_strategy=kfold, fold=10, fold_shuffle=False, fold_groups=None, n_jobs=-1, use_gpu=False, custom_pipeline=None, html=True, session_id=None, log_experiment=False, experiment_name=None, log_plots=False, log_profile=False, log_data=False, silent=False, verbose=True, profile=False, profile_kwargs=None, display=None)
2022-12-22 11:30:18,053:INFO:Checking environment
2022-12-22 11:30:18,053:INFO:python_version: 3.10.6
2022-12-22 11:30:18,053:INFO:python_build: ('main', 'Aug 22 2022 20:38:29')
2022-12-22 11:30:18,053:INFO:machine: arm64
2022-12-22 11:30:18,053:INFO:platform: macOS-13.0.1-arm64-arm-64bit
2022-12-22 11:30:18,053:INFO:Memory: svmem(total=17179869184, available=3309158400, percent=80.7, used=6429638656, free=46481408, active=3270639616, inactive=3252715520, wired=3158999040)
2022-12-22 11:30:18,053:INFO:Physical Core: 10
2022-12-22 11:30:18,053:INFO:Logical Core: 10
2022-12-22 11:30:18,053:INFO:Checking libraries
2022-12-22 11:30:18,053:INFO:pd==1.5.2
2022-12-22 11:30:18,053:INFO:numpy==1.23.5
2022-12-22 11:30:18,053:INFO:sklearn==1.2.0
2022-12-22 11:30:18,053:INFO:xgboost==1.7.2
2022-12-22 11:30:18,053:INFO:lightgbm==3.2.1
2022-12-22 11:30:18,053:INFO:catboost==1.0.6
2022-12-22 11:30:18,053:INFO:mlflow==1.30.0
2022-12-22 11:30:18,053:INFO:Checking Exceptions
2022-12-22 11:30:18,054:INFO:Declaring global variables
2022-12-22 11:30:18,054:INFO:USI: ebe2
2022-12-22 11:30:18,054:INFO:pycaret_globals: {'fold_groups_param', 'exp_name_log', 'logging_param', 'log_plots_param', '_available_plots', '_gpu_n_jobs_param', 'imputation_regressor', 'prep_pipe', 'fix_imbalance_param', 'fold_generator', 'fix_imbalance_method_param', 'X', 'y_train', '_ml_usecase', 'transform_target_param', 'USI', 'experiment__', 'html_param', '_all_metrics', 'create_model_container', 'stratify_param', 'display_container', 'iterative_imputation_iters_param', 'X_train', 'y_test', 'fold_param', 'data_before_preprocess', '_all_models', 'X_test', 'pycaret_globals', 'imputation_classifier', 'transform_target_method_param', 'gpu_param', '_internal_pipeline', 'y', 'seed', 'target_param', '_all_models_internal', 'fold_shuffle_param', 'master_model_container', 'n_jobs_param'}
2022-12-22 11:30:18,054:INFO:Preparing display monitor
2022-12-22 11:30:18,054:INFO:Preparing display monitor
2022-12-22 11:30:18,062:INFO:Importing libraries
2022-12-22 11:30:18,062:INFO:Copying data for preprocessing
2022-12-22 11:30:18,067:INFO:Declaring preprocessing parameters
2022-12-22 11:30:18,069:INFO:Creating preprocessing pipeline
2022-12-22 11:30:18,080:INFO:Preprocessing pipeline created successfully
2022-12-22 11:30:18,082:ERROR:(Process Exit): setup has been interupted with user command 'quit'. setup must rerun.
2022-12-22 11:30:18,082:INFO:Creating global containers
2022-12-22 11:36:56,239:INFO:PyCaret Supervised Module
2022-12-22 11:36:56,240:INFO:ML Usecase: regression
2022-12-22 11:36:56,240:INFO:version 2.3.10
2022-12-22 11:36:56,240:INFO:Initializing setup()
2022-12-22 11:36:56,240:INFO:setup(target=charges, ml_usecase=regression, available_plots={'parameter': 'Hyperparameters', 'residuals': 'Residuals', 'error': 'Prediction Error', 'cooks': 'Cooks Distance', 'rfe': 'Feature Selection', 'learning': 'Learning Curve', 'manifold': 'Manifold Learning', 'vc': 'Validation Curve', 'feature': 'Feature Importance', 'feature_all': 'Feature Importance (All)', 'tree': 'Decision Tree'}, train_size=0.2, test_data=None, preprocess=True, imputation_type=simple, iterative_imputation_iters=5, categorical_features=None, categorical_imputation=constant, categorical_iterative_imputer=lightgbm, ordinal_features=None, high_cardinality_features=None, high_cardinality_method=frequency, numeric_features=None, numeric_imputation=mean, numeric_iterative_imputer=lightgbm, date_features=None, ignore_features=None, normalize=False, normalize_method=zscore, transformation=False, transformation_method=yeo-johnson, handle_unknown_categorical=True, unknown_categorical_method=least_frequent, pca=False, pca_method=linear, pca_components=None, ignore_low_variance=False, combine_rare_levels=False, rare_level_threshold=0.1, bin_numeric_features=None, remove_outliers=False, outliers_threshold=0.05, remove_multicollinearity=False, multicollinearity_threshold=0.9, remove_perfect_collinearity=True, create_clusters=False, cluster_iter=20, polynomial_features=False, polynomial_degree=2, trigonometry_features=False, polynomial_threshold=0.1, group_features=None, group_names=None, feature_selection=False, feature_selection_threshold=0.8, feature_selection_method=classic, feature_interaction=False, feature_ratio=False, interaction_threshold=0.01, fix_imbalance=False, fix_imbalance_method=None, transform_target=False, transform_target_method=box-cox, data_split_shuffle=True, data_split_stratify=False, fold_strategy=kfold, fold=10, fold_shuffle=False, fold_groups=None, n_jobs=-1, use_gpu=False, custom_pipeline=None, html=True, session_id=None, log_experiment=False, experiment_name=None, log_plots=False, log_profile=False, log_data=False, silent=False, verbose=True, profile=False, profile_kwargs=None, display=None)
2022-12-22 11:36:56,241:INFO:Checking environment
2022-12-22 11:36:56,241:INFO:python_version: 3.10.6
2022-12-22 11:36:56,241:INFO:python_build: ('main', 'Aug 22 2022 20:38:29')
2022-12-22 11:36:56,241:INFO:machine: arm64
2022-12-22 11:36:56,241:INFO:platform: macOS-13.0.1-arm64-arm-64bit
2022-12-22 11:36:56,241:INFO:Memory: svmem(total=17179869184, available=3572219904, percent=79.2, used=6922387456, free=62898176, active=3523690496, inactive=3381673984, wired=3398696960)
2022-12-22 11:36:56,242:INFO:Physical Core: 10
2022-12-22 11:36:56,242:INFO:Logical Core: 10
2022-12-22 11:36:56,242:INFO:Checking libraries
2022-12-22 11:36:56,242:INFO:pd==1.5.2
2022-12-22 11:36:56,242:INFO:numpy==1.23.5
2022-12-22 11:36:56,242:INFO:sklearn==1.2.0
2022-12-22 11:36:56,242:INFO:xgboost==1.7.2
2022-12-22 11:36:56,242:INFO:lightgbm==3.2.1
2022-12-22 11:36:56,242:INFO:catboost==1.0.6
2022-12-22 11:36:56,242:INFO:mlflow==1.30.0
2022-12-22 11:36:56,242:INFO:Checking Exceptions
2022-12-22 11:36:56,244:INFO:Declaring global variables
2022-12-22 11:36:56,244:INFO:USI: e1f2
2022-12-22 11:36:56,244:INFO:pycaret_globals: {'fold_groups_param', 'exp_name_log', 'logging_param', 'log_plots_param', '_available_plots', '_gpu_n_jobs_param', 'imputation_regressor', 'prep_pipe', 'fix_imbalance_param', 'fold_generator', 'fix_imbalance_method_param', 'X', 'y_train', '_ml_usecase', 'transform_target_param', 'USI', 'experiment__', 'html_param', '_all_metrics', 'create_model_container', 'stratify_param', 'display_container', 'iterative_imputation_iters_param', 'X_train', 'y_test', 'fold_param', 'data_before_preprocess', '_all_models', 'X_test', 'pycaret_globals', 'imputation_classifier', 'transform_target_method_param', 'gpu_param', '_internal_pipeline', 'y', 'seed', 'target_param', '_all_models_internal', 'fold_shuffle_param', 'master_model_container', 'n_jobs_param'}
2022-12-22 11:36:56,244:INFO:Preparing display monitor
2022-12-22 11:36:56,244:INFO:Preparing display monitor
2022-12-22 11:36:56,257:INFO:Importing libraries
2022-12-22 11:36:56,258:INFO:Copying data for preprocessing
2022-12-22 11:36:56,263:INFO:Declaring preprocessing parameters
2022-12-22 11:36:56,269:INFO:Creating preprocessing pipeline
2022-12-22 11:36:56,285:INFO:Preprocessing pipeline created successfully
2022-12-22 11:36:56,285:ERROR:(Process Exit): setup has been interupted with user command 'quit'. setup must rerun.
2022-12-22 11:36:56,285:INFO:Creating global containers
2022-12-22 11:37:00,061:INFO:PyCaret Supervised Module
2022-12-22 11:37:00,061:INFO:ML Usecase: regression
2022-12-22 11:37:00,061:INFO:version 2.3.10
2022-12-22 11:37:00,062:INFO:Initializing setup()
2022-12-22 11:37:00,062:INFO:setup(target=charges, ml_usecase=regression, available_plots={'parameter': 'Hyperparameters', 'residuals': 'Residuals', 'error': 'Prediction Error', 'cooks': 'Cooks Distance', 'rfe': 'Feature Selection', 'learning': 'Learning Curve', 'manifold': 'Manifold Learning', 'vc': 'Validation Curve', 'feature': 'Feature Importance', 'feature_all': 'Feature Importance (All)', 'tree': 'Decision Tree'}, train_size=0.2, test_data=None, preprocess=True, imputation_type=simple, iterative_imputation_iters=5, categorical_features=None, categorical_imputation=constant, categorical_iterative_imputer=lightgbm, ordinal_features=None, high_cardinality_features=None, high_cardinality_method=frequency, numeric_features=None, numeric_imputation=mean, numeric_iterative_imputer=lightgbm, date_features=None, ignore_features=None, normalize=False, normalize_method=zscore, transformation=False, transformation_method=yeo-johnson, handle_unknown_categorical=True, unknown_categorical_method=least_frequent, pca=False, pca_method=linear, pca_components=None, ignore_low_variance=False, combine_rare_levels=False, rare_level_threshold=0.1, bin_numeric_features=None, remove_outliers=False, outliers_threshold=0.05, remove_multicollinearity=False, multicollinearity_threshold=0.9, remove_perfect_collinearity=True, create_clusters=False, cluster_iter=20, polynomial_features=False, polynomial_degree=2, trigonometry_features=False, polynomial_threshold=0.1, group_features=None, group_names=None, feature_selection=False, feature_selection_threshold=0.8, feature_selection_method=classic, feature_interaction=False, feature_ratio=False, interaction_threshold=0.01, fix_imbalance=False, fix_imbalance_method=None, transform_target=False, transform_target_method=box-cox, data_split_shuffle=True, data_split_stratify=False, fold_strategy=kfold, fold=10, fold_shuffle=False, fold_groups=None, n_jobs=-1, use_gpu=False, custom_pipeline=None, html=True, session_id=None, log_experiment=False, experiment_name=None, log_plots=False, log_profile=False, log_data=False, silent=False, verbose=True, profile=False, profile_kwargs=None, display=None)
2022-12-22 11:37:00,062:INFO:Checking environment
2022-12-22 11:37:00,062:INFO:python_version: 3.10.6
2022-12-22 11:37:00,062:INFO:python_build: ('main', 'Aug 22 2022 20:38:29')
2022-12-22 11:37:00,062:INFO:machine: arm64
2022-12-22 11:37:00,062:INFO:platform: macOS-13.0.1-arm64-arm-64bit
2022-12-22 11:37:00,062:INFO:Memory: svmem(total=17179869184, available=3477389312, percent=79.8, used=6770327552, free=46186496, active=3443294208, inactive=3414343680, wired=3327033344)
2022-12-22 11:37:00,062:INFO:Physical Core: 10
2022-12-22 11:37:00,062:INFO:Logical Core: 10
2022-12-22 11:37:00,062:INFO:Checking libraries
2022-12-22 11:37:00,062:INFO:pd==1.5.2
2022-12-22 11:37:00,062:INFO:numpy==1.23.5
2022-12-22 11:37:00,062:INFO:sklearn==1.2.0
2022-12-22 11:37:00,062:INFO:xgboost==1.7.2
2022-12-22 11:37:00,062:INFO:lightgbm==3.2.1
2022-12-22 11:37:00,062:INFO:catboost==1.0.6
2022-12-22 11:37:00,062:INFO:mlflow==1.30.0
2022-12-22 11:37:00,062:INFO:Checking Exceptions
2022-12-22 11:37:00,063:INFO:Declaring global variables
2022-12-22 11:37:00,063:INFO:USI: 06bd
2022-12-22 11:37:00,063:INFO:pycaret_globals: {'fold_groups_param', 'exp_name_log', 'logging_param', 'log_plots_param', '_available_plots', '_gpu_n_jobs_param', 'imputation_regressor', 'prep_pipe', 'fix_imbalance_param', 'fold_generator', 'fix_imbalance_method_param', 'X', 'y_train', '_ml_usecase', 'transform_target_param', 'USI', 'experiment__', 'html_param', '_all_metrics', 'create_model_container', 'stratify_param', 'display_container', 'iterative_imputation_iters_param', 'X_train', 'y_test', 'fold_param', 'data_before_preprocess', '_all_models', 'X_test', 'pycaret_globals', 'imputation_classifier', 'transform_target_method_param', 'gpu_param', '_internal_pipeline', 'y', 'seed', 'target_param', '_all_models_internal', 'fold_shuffle_param', 'master_model_container', 'n_jobs_param'}
2022-12-22 11:37:00,063:INFO:Preparing display monitor
2022-12-22 11:37:00,063:INFO:Preparing display monitor
2022-12-22 11:37:00,070:INFO:Importing libraries
2022-12-22 11:37:00,070:INFO:Copying data for preprocessing
2022-12-22 11:37:00,074:INFO:Declaring preprocessing parameters
2022-12-22 11:37:00,077:INFO:Creating preprocessing pipeline
2022-12-22 11:37:00,080:INFO:Preprocessing pipeline created successfully
2022-12-22 11:37:00,080:ERROR:(Process Exit): setup has been interupted with user command 'quit'. setup must rerun.
2022-12-22 11:37:00,080:INFO:Creating global containers
